mode: set
github.com/hknutzen/Netspoc/go/pkg/ast/attribute.go:7.42,9.2 1 1
github.com/hknutzen/Netspoc/go/pkg/ast/attribute.go:11.53,14.25 3 1
github.com/hknutzen/Netspoc/go/pkg/ast/attribute.go:17.2,17.46 1 1
github.com/hknutzen/Netspoc/go/pkg/ast/attribute.go:14.25,16.3 1 1
github.com/hknutzen/Netspoc/go/pkg/ast/attribute.go:20.49,21.33 1 1
github.com/hknutzen/Netspoc/go/pkg/ast/attribute.go:29.2,29.11 1 1
github.com/hknutzen/Netspoc/go/pkg/ast/attribute.go:21.33,22.21 1 1
github.com/hknutzen/Netspoc/go/pkg/ast/attribute.go:22.21,24.18 2 1
github.com/hknutzen/Netspoc/go/pkg/ast/attribute.go:24.18,26.5 1 1
github.com/hknutzen/Netspoc/go/pkg/ast/attribute.go:32.43,34.37 2 1
github.com/hknutzen/Netspoc/go/pkg/ast/attribute.go:39.2,39.23 1 1
github.com/hknutzen/Netspoc/go/pkg/ast/attribute.go:34.37,35.21 1 1
github.com/hknutzen/Netspoc/go/pkg/ast/attribute.go:35.21,37.4 1 1
github.com/hknutzen/Netspoc/go/pkg/ast/attribute.go:42.48,43.37 1 1
github.com/hknutzen/Netspoc/go/pkg/ast/attribute.go:49.2,49.51 1 1
github.com/hknutzen/Netspoc/go/pkg/ast/attribute.go:43.37,44.26 1 1
github.com/hknutzen/Netspoc/go/pkg/ast/attribute.go:44.26,47.4 2 1
github.com/hknutzen/Netspoc/go/pkg/ast/attribute.go:52.50,53.17 1 1
github.com/hknutzen/Netspoc/go/pkg/ast/attribute.go:57.2,61.19 2 1
github.com/hknutzen/Netspoc/go/pkg/ast/attribute.go:53.17,56.3 2 1
github.com/hknutzen/Netspoc/go/pkg/ast/attribute.go:64.47,66.35 2 1
github.com/hknutzen/Netspoc/go/pkg/ast/attribute.go:71.2,71.21 1 1
github.com/hknutzen/Netspoc/go/pkg/ast/attribute.go:66.35,67.21 1 1
github.com/hknutzen/Netspoc/go/pkg/ast/attribute.go:67.21,69.4 1 1
github.com/hknutzen/Netspoc/go/pkg/ast/attribute.go:74.52,75.35 1 1
github.com/hknutzen/Netspoc/go/pkg/ast/attribute.go:81.2,81.47 1 1
github.com/hknutzen/Netspoc/go/pkg/ast/attribute.go:75.35,76.26 1 1
github.com/hknutzen/Netspoc/go/pkg/ast/attribute.go:76.26,79.4 2 1
github.com/hknutzen/Netspoc/go/pkg/ast/attribute.go:84.59,85.14 1 1
github.com/hknutzen/Netspoc/go/pkg/ast/attribute.go:92.2,95.25 4 1
github.com/hknutzen/Netspoc/go/pkg/ast/attribute.go:100.2,100.23 1 1
github.com/hknutzen/Netspoc/go/pkg/ast/attribute.go:85.14,87.3 1 1
github.com/hknutzen/Netspoc/go/pkg/ast/attribute.go:87.8,87.24 1 1
github.com/hknutzen/Netspoc/go/pkg/ast/attribute.go:87.24,90.3 2 1
github.com/hknutzen/Netspoc/go/pkg/ast/attribute.go:95.25,99.3 3 1
github.com/hknutzen/Netspoc/go/pkg/pass1/check-unused-groups.go:7.36,8.29 1 1
github.com/hknutzen/Netspoc/go/pkg/pass1/check-unused-groups.go:31.2,31.22 1 1
github.com/hknutzen/Netspoc/go/pkg/pass1/check-unused-groups.go:8.29,9.64 1 1
github.com/hknutzen/Netspoc/go/pkg/pass1/check-unused-groups.go:21.3,21.67 1 1
github.com/hknutzen/Netspoc/go/pkg/pass1/check-unused-groups.go:9.64,10.41 1 1
github.com/hknutzen/Netspoc/go/pkg/pass1/check-unused-groups.go:15.4,15.49 1 1
github.com/hknutzen/Netspoc/go/pkg/pass1/check-unused-groups.go:10.41,11.22 1 1
github.com/hknutzen/Netspoc/go/pkg/pass1/check-unused-groups.go:11.22,13.6 1 1
github.com/hknutzen/Netspoc/go/pkg/pass1/check-unused-groups.go:15.49,16.22 1 1
github.com/hknutzen/Netspoc/go/pkg/pass1/check-unused-groups.go:16.22,18.6 1 1
github.com/hknutzen/Netspoc/go/pkg/pass1/check-unused-groups.go:21.67,22.42 1 1
github.com/hknutzen/Netspoc/go/pkg/pass1/check-unused-groups.go:22.42,23.20 1 1
github.com/hknutzen/Netspoc/go/pkg/pass1/check-unused-groups.go:23.20,25.6 1 1
github.com/hknutzen/Netspoc/go/pkg/pass1/order-protocols.go:20.51,21.34 1 1
github.com/hknutzen/Netspoc/go/pkg/pass1/order-protocols.go:24.2,24.35 1 1
github.com/hknutzen/Netspoc/go/pkg/pass1/order-protocols.go:33.2,80.3 20 1
github.com/hknutzen/Netspoc/go/pkg/pass1/order-protocols.go:21.34,23.3 1 1
github.com/hknutzen/Netspoc/go/pkg/pass1/order-protocols.go:24.35,32.3 6 1
github.com/hknutzen/Netspoc/go/pkg/pass1/order-protocols.go:84.33,88.42 3 1
github.com/hknutzen/Netspoc/go/pkg/pass1/order-protocols.go:104.2,109.23 6 1
github.com/hknutzen/Netspoc/go/pkg/pass1/order-protocols.go:88.42,89.18 1 1
github.com/hknutzen/Netspoc/go/pkg/pass1/order-protocols.go:90.14,91.15 1 1
github.com/hknutzen/Netspoc/go/pkg/pass1/order-protocols.go:92.14,93.15 1 1
github.com/hknutzen/Netspoc/go/pkg/pass1/order-protocols.go:94.15,95.16 1 1
github.com/hknutzen/Netspoc/go/pkg/pass1/order-protocols.go:96.17,97.18 1 1
github.com/hknutzen/Netspoc/go/pkg/pass1/order-protocols.go:98.13,98.13 0 1
github.com/hknutzen/Netspoc/go/pkg/pass1/order-protocols.go:100.11,101.17 1 1
github.com/hknutzen/Netspoc/go/pkg/pass1/order-protocols.go:117.42,122.36 1 1
github.com/hknutzen/Netspoc/go/pkg/pass1/order-protocols.go:130.2,131.48 2 1
github.com/hknutzen/Netspoc/go/pkg/pass1/order-protocols.go:240.2,243.25 4 1
github.com/hknutzen/Netspoc/go/pkg/pass1/order-protocols.go:122.36,126.3 1 1
github.com/hknutzen/Netspoc/go/pkg/pass1/order-protocols.go:131.48,132.7 1 1
github.com/hknutzen/Netspoc/go/pkg/pass1/order-protocols.go:132.7,133.19 1 1
github.com/hknutzen/Netspoc/go/pkg/pass1/order-protocols.go:136.4,143.15 3 1
github.com/hknutzen/Netspoc/go/pkg/pass1/order-protocols.go:150.4,150.16 1 1
github.com/hknutzen/Netspoc/go/pkg/pass1/order-protocols.go:170.4,177.65 5 1
github.com/hknutzen/Netspoc/go/pkg/pass1/order-protocols.go:230.4,235.7 4 1
github.com/hknutzen/Netspoc/go/pkg/pass1/order-protocols.go:133.19,135.5 1 1
github.com/hknutzen/Netspoc/go/pkg/pass1/order-protocols.go:143.15,145.5 1 1
github.com/hknutzen/Netspoc/go/pkg/pass1/order-protocols.go:150.16,158.20 3 1
github.com/hknutzen/Netspoc/go/pkg/pass1/order-protocols.go:161.5,161.13 1 1
github.com/hknutzen/Netspoc/go/pkg/pass1/order-protocols.go:158.20,160.6 1 1
github.com/hknutzen/Netspoc/go/pkg/pass1/order-protocols.go:177.65,178.9 1 1
github.com/hknutzen/Netspoc/go/pkg/pass1/order-protocols.go:218.5,228.15 6 1
github.com/hknutzen/Netspoc/go/pkg/pass1/order-protocols.go:178.9,179.21 1 1
github.com/hknutzen/Netspoc/go/pkg/pass1/order-protocols.go:182.6,187.17 3 1
github.com/hknutzen/Netspoc/go/pkg/pass1/order-protocols.go:193.6,193.18 1 1
github.com/hknutzen/Netspoc/go/pkg/pass1/order-protocols.go:216.6,216.11 1 1
github.com/hknutzen/Netspoc/go/pkg/pass1/order-protocols.go:179.21,180.12 1 1
github.com/hknutzen/Netspoc/go/pkg/pass1/order-protocols.go:187.17,189.15 2 1
github.com/hknutzen/Netspoc/go/pkg/pass1/order-protocols.go:193.18,197.18 1 1
github.com/hknutzen/Netspoc/go/pkg/pass1/order-protocols.go:203.7,203.19 1 1
github.com/hknutzen/Netspoc/go/pkg/pass1/order-protocols.go:211.7,211.12 1 1
github.com/hknutzen/Netspoc/go/pkg/pass1/order-protocols.go:197.18,199.16 2 1
github.com/hknutzen/Netspoc/go/pkg/pass1/order-protocols.go:203.19,207.8 1 1
github.com/hknutzen/Netspoc/go/pkg/pass1/order-protocols.go:247.40,249.22 2 1
github.com/hknutzen/Netspoc/go/pkg/pass1/order-protocols.go:259.2,259.22 1 1
github.com/hknutzen/Netspoc/go/pkg/pass1/order-protocols.go:249.22,250.31 1 1
github.com/hknutzen/Netspoc/go/pkg/pass1/order-protocols.go:250.31,254.4 2 1
github.com/hknutzen/Netspoc/go/pkg/pass1/order-protocols.go:254.9,254.30 1 1
github.com/hknutzen/Netspoc/go/pkg/pass1/order-protocols.go:254.30,257.4 1 1
github.com/hknutzen/Netspoc/go/pkg/pass1/order-protocols.go:259.22,260.31 1 1
github.com/hknutzen/Netspoc/go/pkg/pass1/order-protocols.go:260.31,261.24 1 1
github.com/hknutzen/Netspoc/go/pkg/pass1/order-protocols.go:261.24,262.32 1 1
github.com/hknutzen/Netspoc/go/pkg/pass1/order-protocols.go:262.32,264.6 1 1
github.com/hknutzen/Netspoc/go/pkg/pass1/order-protocols.go:264.11,266.6 1 1
github.com/hknutzen/Netspoc/go/pkg/pass1/order-protocols.go:267.10,269.5 1 1
github.com/hknutzen/Netspoc/go/pkg/pass1/order-protocols.go:275.41,276.22 1 1
github.com/hknutzen/Netspoc/go/pkg/pass1/order-protocols.go:276.22,278.3 1 1
github.com/hknutzen/Netspoc/go/pkg/pass1/remove-dupl-rules.go:5.45,9.43 2 1
github.com/hknutzen/Netspoc/go/pkg/pass1/remove-dupl-rules.go:36.2,37.52 2 1
github.com/hknutzen/Netspoc/go/pkg/pass1/remove-dupl-rules.go:9.43,17.27 4 1
github.com/hknutzen/Netspoc/go/pkg/pass1/remove-dupl-rules.go:34.3,34.19 1 1
github.com/hknutzen/Netspoc/go/pkg/pass1/remove-dupl-rules.go:17.27,20.46 1 1
github.com/hknutzen/Netspoc/go/pkg/pass1/remove-dupl-rules.go:31.4,32.7 2 1
github.com/hknutzen/Netspoc/go/pkg/pass1/remove-dupl-rules.go:20.46,25.27 4 1
github.com/hknutzen/Netspoc/go/pkg/pass1/remove-dupl-rules.go:29.5,29.30 1 1
github.com/hknutzen/Netspoc/go/pkg/pass1/remove-dupl-rules.go:25.27,27.14 2 1
github.com/hknutzen/Netspoc/go/pkg/pass1/reverse-rules.go:13.70,20.29 4 1
github.com/hknutzen/Netspoc/go/pkg/pass1/reverse-rules.go:147.2,147.37 1 1
github.com/hknutzen/Netspoc/go/pkg/pass1/reverse-rules.go:20.29,21.18 1 1
github.com/hknutzen/Netspoc/go/pkg/pass1/reverse-rules.go:24.3,26.32 3 1
github.com/hknutzen/Netspoc/go/pkg/pass1/reverse-rules.go:50.3,50.25 1 1
github.com/hknutzen/Netspoc/go/pkg/pass1/reverse-rules.go:55.3,58.10 4 1
github.com/hknutzen/Netspoc/go/pkg/pass1/reverse-rules.go:89.3,89.26 1 1
github.com/hknutzen/Netspoc/go/pkg/pass1/reverse-rules.go:97.3,99.35 3 1
github.com/hknutzen/Netspoc/go/pkg/pass1/reverse-rules.go:125.3,125.41 1 1
github.com/hknutzen/Netspoc/go/pkg/pass1/reverse-rules.go:21.18,22.12 1 1
github.com/hknutzen/Netspoc/go/pkg/pass1/reverse-rules.go:26.32,28.22 2 1
github.com/hknutzen/Netspoc/go/pkg/pass1/reverse-rules.go:48.4,48.42 1 1
github.com/hknutzen/Netspoc/go/pkg/pass1/reverse-rules.go:28.22,31.16 1 1
github.com/hknutzen/Netspoc/go/pkg/pass1/reverse-rules.go:34.5,42.18 2 1
github.com/hknutzen/Netspoc/go/pkg/pass1/reverse-rules.go:31.16,32.14 1 1
github.com/hknutzen/Netspoc/go/pkg/pass1/reverse-rules.go:42.18,43.14 1 1
github.com/hknutzen/Netspoc/go/pkg/pass1/reverse-rules.go:45.10,45.49 1 1
github.com/hknutzen/Netspoc/go/pkg/pass1/reverse-rules.go:45.49,46.13 1 1
github.com/hknutzen/Netspoc/go/pkg/pass1/reverse-rules.go:50.25,51.12 1 1
github.com/hknutzen/Netspoc/go/pkg/pass1/reverse-rules.go:58.10,62.73 1 1
github.com/hknutzen/Netspoc/go/pkg/pass1/reverse-rules.go:86.4,87.54 2 1
github.com/hknutzen/Netspoc/go/pkg/pass1/reverse-rules.go:62.73,67.23 1 1
github.com/hknutzen/Netspoc/go/pkg/pass1/reverse-rules.go:70.5,74.29 2 1
github.com/hknutzen/Netspoc/go/pkg/pass1/reverse-rules.go:77.5,81.43 2 1
github.com/hknutzen/Netspoc/go/pkg/pass1/reverse-rules.go:67.23,69.6 1 1
github.com/hknutzen/Netspoc/go/pkg/pass1/reverse-rules.go:74.29,76.6 1 1
github.com/hknutzen/Netspoc/go/pkg/pass1/reverse-rules.go:81.43,83.6 1 1
github.com/hknutzen/Netspoc/go/pkg/pass1/reverse-rules.go:89.26,90.12 1 1
github.com/hknutzen/Netspoc/go/pkg/pass1/reverse-rules.go:99.35,102.21 3 1
github.com/hknutzen/Netspoc/go/pkg/pass1/reverse-rules.go:118.4,119.11 2 1
github.com/hknutzen/Netspoc/go/pkg/pass1/reverse-rules.go:122.4,122.56 1 1
github.com/hknutzen/Netspoc/go/pkg/pass1/reverse-rules.go:103.15,104.27 1 1
github.com/hknutzen/Netspoc/go/pkg/pass1/reverse-rules.go:105.15,107.54 1 1
github.com/hknutzen/Netspoc/go/pkg/pass1/reverse-rules.go:110.5,110.29 1 1
github.com/hknutzen/Netspoc/go/pkg/pass1/reverse-rules.go:115.12,116.17 1 1
github.com/hknutzen/Netspoc/go/pkg/pass1/reverse-rules.go:107.54,109.6 1 1
github.com/hknutzen/Netspoc/go/pkg/pass1/reverse-rules.go:110.29,112.6 1 1
github.com/hknutzen/Netspoc/go/pkg/pass1/reverse-rules.go:112.11,114.6 1 1
github.com/hknutzen/Netspoc/go/pkg/pass1/reverse-rules.go:119.11,121.5 1 1
github.com/hknutzen/Netspoc/go/pkg/pass1/reverse-rules.go:125.41,139.28 3 1
github.com/hknutzen/Netspoc/go/pkg/pass1/reverse-rules.go:144.4,144.44 1 1
github.com/hknutzen/Netspoc/go/pkg/pass1/reverse-rules.go:139.28,141.5 1 1
github.com/hknutzen/Netspoc/go/pkg/pass1/reverse-rules.go:150.34,154.2 3 1
github.com/hknutzen/Netspoc/go/pkg/pass1/set-zone.go:10.53,22.2 11 1
github.com/hknutzen/Netspoc/go/pkg/pass1/set-zone.go:26.27,27.34 1 1
github.com/hknutzen/Netspoc/go/pkg/pass1/set-zone.go:27.34,28.20 1 1
github.com/hknutzen/Netspoc/go/pkg/pass1/set-zone.go:33.3,42.24 5 1
github.com/hknutzen/Netspoc/go/pkg/pass1/set-zone.go:28.20,29.12 1 1
github.com/hknutzen/Netspoc/go/pkg/pass1/set-zone.go:52.62,55.19 1 1
github.com/hknutzen/Netspoc/go/pkg/pass1/set-zone.go:60.2,61.54 2 1
github.com/hknutzen/Netspoc/go/pkg/pass1/set-zone.go:66.2,66.18 1 1
github.com/hknutzen/Netspoc/go/pkg/pass1/set-zone.go:69.2,69.44 1 1
github.com/hknutzen/Netspoc/go/pkg/pass1/set-zone.go:74.2,77.36 2 1
github.com/hknutzen/Netspoc/go/pkg/pass1/set-zone.go:55.19,57.3 1 1
github.com/hknutzen/Netspoc/go/pkg/pass1/set-zone.go:61.54,63.3 1 1
github.com/hknutzen/Netspoc/go/pkg/pass1/set-zone.go:66.18,68.3 1 1
github.com/hknutzen/Netspoc/go/pkg/pass1/set-zone.go:69.44,73.3 1 1
github.com/hknutzen/Netspoc/go/pkg/pass1/set-zone.go:77.36,78.17 1 1
github.com/hknutzen/Netspoc/go/pkg/pass1/set-zone.go:83.3,84.39 2 1
github.com/hknutzen/Netspoc/go/pkg/pass1/set-zone.go:78.17,79.12 1 1
github.com/hknutzen/Netspoc/go/pkg/pass1/set-zone.go:84.39,87.4 2 1
github.com/hknutzen/Netspoc/go/pkg/pass1/set-zone.go:87.9,87.27 1 1
github.com/hknutzen/Netspoc/go/pkg/pass1/set-zone.go:87.27,89.17 2 1
github.com/hknutzen/Netspoc/go/pkg/pass1/set-zone.go:92.4,92.37 1 1
github.com/hknutzen/Netspoc/go/pkg/pass1/set-zone.go:89.17,89.41 1 1
github.com/hknutzen/Netspoc/go/pkg/pass1/set-zone.go:92.37,93.37 1 1
github.com/hknutzen/Netspoc/go/pkg/pass1/set-zone.go:93.37,95.6 1 1
github.com/hknutzen/Netspoc/go/pkg/pass1/set-zone.go:107.31,110.31 1 1
github.com/hknutzen/Netspoc/go/pkg/pass1/set-zone.go:110.31,111.23 1 1
github.com/hknutzen/Netspoc/go/pkg/pass1/set-zone.go:111.23,116.22 3 1
github.com/hknutzen/Netspoc/go/pkg/pass1/set-zone.go:116.22,119.5 1 1
github.com/hknutzen/Netspoc/go/pkg/pass1/set-zone.go:119.10,120.32 1 1
github.com/hknutzen/Netspoc/go/pkg/pass1/set-zone.go:120.32,122.6 1 1
github.com/hknutzen/Netspoc/go/pkg/pass1/set-zone.go:134.66,137.19 1 1
github.com/hknutzen/Netspoc/go/pkg/pass1/set-zone.go:144.2,144.36 1 1
github.com/hknutzen/Netspoc/go/pkg/pass1/set-zone.go:137.19,141.3 2 1
github.com/hknutzen/Netspoc/go/pkg/pass1/set-zone.go:144.36,145.41 1 1
github.com/hknutzen/Netspoc/go/pkg/pass1/set-zone.go:148.3,149.38 2 1
github.com/hknutzen/Netspoc/go/pkg/pass1/set-zone.go:152.3,153.16 2 1
github.com/hknutzen/Netspoc/go/pkg/pass1/set-zone.go:156.3,156.36 1 1
github.com/hknutzen/Netspoc/go/pkg/pass1/set-zone.go:145.41,146.12 1 1
github.com/hknutzen/Netspoc/go/pkg/pass1/set-zone.go:149.38,150.12 1 1
github.com/hknutzen/Netspoc/go/pkg/pass1/set-zone.go:153.16,153.40 1 1
github.com/hknutzen/Netspoc/go/pkg/pass1/set-zone.go:156.36,157.42 1 1
github.com/hknutzen/Netspoc/go/pkg/pass1/set-zone.go:160.4,161.27 2 1
github.com/hknutzen/Netspoc/go/pkg/pass1/set-zone.go:157.42,158.13 1 1
github.com/hknutzen/Netspoc/go/pkg/pass1/set-zone.go:161.27,164.5 1 1
github.com/hknutzen/Netspoc/go/pkg/pass1/set-zone.go:169.32,173.2 1 1
github.com/hknutzen/Netspoc/go/pkg/pass1/set-zone.go:194.50,199.34 2 1
github.com/hknutzen/Netspoc/go/pkg/pass1/set-zone.go:282.2,282.25 1 1
github.com/hknutzen/Netspoc/go/pkg/pass1/set-zone.go:199.34,200.33 1 1
github.com/hknutzen/Netspoc/go/pkg/pass1/set-zone.go:206.3,213.37 4 1
github.com/hknutzen/Netspoc/go/pkg/pass1/set-zone.go:249.3,250.35 2 1
github.com/hknutzen/Netspoc/go/pkg/pass1/set-zone.go:255.3,255.47 1 1
github.com/hknutzen/Netspoc/go/pkg/pass1/set-zone.go:260.3,261.57 1 1
github.com/hknutzen/Netspoc/go/pkg/pass1/set-zone.go:267.3,267.59 1 1
github.com/hknutzen/Netspoc/go/pkg/pass1/set-zone.go:200.33,201.12 1 1
github.com/hknutzen/Netspoc/go/pkg/pass1/set-zone.go:213.37,214.28 1 1
github.com/hknutzen/Netspoc/go/pkg/pass1/set-zone.go:217.4,221.23 3 1
github.com/hknutzen/Netspoc/go/pkg/pass1/set-zone.go:225.4,225.49 1 1
github.com/hknutzen/Netspoc/go/pkg/pass1/set-zone.go:230.4,233.21 3 1
github.com/hknutzen/Netspoc/go/pkg/pass1/set-zone.go:237.4,237.21 1 1
github.com/hknutzen/Netspoc/go/pkg/pass1/set-zone.go:241.4,241.38 1 1
github.com/hknutzen/Netspoc/go/pkg/pass1/set-zone.go:214.28,215.13 1 1
github.com/hknutzen/Netspoc/go/pkg/pass1/set-zone.go:221.23,223.13 2 1
github.com/hknutzen/Netspoc/go/pkg/pass1/set-zone.go:225.49,228.5 1 1
github.com/hknutzen/Netspoc/go/pkg/pass1/set-zone.go:233.21,235.5 1 1
github.com/hknutzen/Netspoc/go/pkg/pass1/set-zone.go:237.21,239.5 1 1
github.com/hknutzen/Netspoc/go/pkg/pass1/set-zone.go:241.38,242.30 1 1
github.com/hknutzen/Netspoc/go/pkg/pass1/set-zone.go:242.30,244.6 1 1
github.com/hknutzen/Netspoc/go/pkg/pass1/set-zone.go:250.35,251.19 1 1
github.com/hknutzen/Netspoc/go/pkg/pass1/set-zone.go:251.19,253.5 1 1
github.com/hknutzen/Netspoc/go/pkg/pass1/set-zone.go:255.47,257.4 1 1
github.com/hknutzen/Netspoc/go/pkg/pass1/set-zone.go:261.57,264.4 1 1
github.com/hknutzen/Netspoc/go/pkg/pass1/set-zone.go:267.59,270.4 1 1
github.com/hknutzen/Netspoc/go/pkg/pass1/set-zone.go:270.9,270.35 1 1
github.com/hknutzen/Netspoc/go/pkg/pass1/set-zone.go:270.35,272.41 2 1
github.com/hknutzen/Netspoc/go/pkg/pass1/set-zone.go:272.41,273.24 1 1
github.com/hknutzen/Netspoc/go/pkg/pass1/set-zone.go:273.24,277.11 2 1
github.com/hknutzen/Netspoc/go/pkg/pass1/set-zone.go:290.65,296.25 4 1
github.com/hknutzen/Netspoc/go/pkg/pass1/set-zone.go:316.2,316.37 1 1
github.com/hknutzen/Netspoc/go/pkg/pass1/set-zone.go:296.25,299.39 3 1
github.com/hknutzen/Netspoc/go/pkg/pass1/set-zone.go:299.39,301.34 2 1
github.com/hknutzen/Netspoc/go/pkg/pass1/set-zone.go:301.34,302.42 1 1
github.com/hknutzen/Netspoc/go/pkg/pass1/set-zone.go:302.42,303.27 1 1
github.com/hknutzen/Netspoc/go/pkg/pass1/set-zone.go:306.6,307.19 2 1
github.com/hknutzen/Netspoc/go/pkg/pass1/set-zone.go:303.27,304.15 1 1
github.com/hknutzen/Netspoc/go/pkg/pass1/set-zone.go:307.19,309.7 1 1
github.com/hknutzen/Netspoc/go/pkg/pass1/set-zone.go:316.37,317.14 1 1
github.com/hknutzen/Netspoc/go/pkg/pass1/set-zone.go:322.3,325.43 3 1
github.com/hknutzen/Netspoc/go/pkg/pass1/set-zone.go:330.3,331.30 2 1
github.com/hknutzen/Netspoc/go/pkg/pass1/set-zone.go:339.3,339.30 1 1
github.com/hknutzen/Netspoc/go/pkg/pass1/set-zone.go:317.14,318.12 1 1
github.com/hknutzen/Netspoc/go/pkg/pass1/set-zone.go:325.43,327.4 1 1
github.com/hknutzen/Netspoc/go/pkg/pass1/set-zone.go:331.30,332.28 1 1
github.com/hknutzen/Netspoc/go/pkg/pass1/set-zone.go:332.28,334.5 1 1
github.com/hknutzen/Netspoc/go/pkg/pass1/set-zone.go:339.30,341.4 1 1
github.com/hknutzen/Netspoc/go/pkg/pass1/set-zone.go:357.54,360.34 3 1
github.com/hknutzen/Netspoc/go/pkg/pass1/set-zone.go:363.2,363.46 1 1
github.com/hknutzen/Netspoc/go/pkg/pass1/set-zone.go:366.2,366.32 1 1
github.com/hknutzen/Netspoc/go/pkg/pass1/set-zone.go:442.2,442.18 1 1
github.com/hknutzen/Netspoc/go/pkg/pass1/set-zone.go:360.34,362.3 1 1
github.com/hknutzen/Netspoc/go/pkg/pass1/set-zone.go:363.46,365.3 1 1
github.com/hknutzen/Netspoc/go/pkg/pass1/set-zone.go:366.32,367.17 1 1
github.com/hknutzen/Netspoc/go/pkg/pass1/set-zone.go:370.3,370.30 1 1
github.com/hknutzen/Netspoc/go/pkg/pass1/set-zone.go:367.17,368.12 1 1
github.com/hknutzen/Netspoc/go/pkg/pass1/set-zone.go:370.30,372.4 1 1
github.com/hknutzen/Netspoc/go/pkg/pass1/set-zone.go:372.9,381.34 4 1
github.com/hknutzen/Netspoc/go/pkg/pass1/set-zone.go:384.4,384.43 1 1
github.com/hknutzen/Netspoc/go/pkg/pass1/set-zone.go:392.4,392.26 1 1
github.com/hknutzen/Netspoc/go/pkg/pass1/set-zone.go:401.4,403.11 3 1
github.com/hknutzen/Netspoc/go/pkg/pass1/set-zone.go:409.4,409.62 1 1
github.com/hknutzen/Netspoc/go/pkg/pass1/set-zone.go:427.4,431.25 3 1
github.com/hknutzen/Netspoc/go/pkg/pass1/set-zone.go:381.34,383.5 1 1
github.com/hknutzen/Netspoc/go/pkg/pass1/set-zone.go:384.43,385.40 1 1
github.com/hknutzen/Netspoc/go/pkg/pass1/set-zone.go:389.5,389.35 1 1
github.com/hknutzen/Netspoc/go/pkg/pass1/set-zone.go:385.40,388.6 1 1
github.com/hknutzen/Netspoc/go/pkg/pass1/set-zone.go:392.26,395.5 2 1
github.com/hknutzen/Netspoc/go/pkg/pass1/set-zone.go:395.10,395.42 1 1
github.com/hknutzen/Netspoc/go/pkg/pass1/set-zone.go:395.42,398.5 2 1
github.com/hknutzen/Netspoc/go/pkg/pass1/set-zone.go:403.11,404.13 1 1
github.com/hknutzen/Netspoc/go/pkg/pass1/set-zone.go:409.62,412.28 3 1
github.com/hknutzen/Netspoc/go/pkg/pass1/set-zone.go:420.5,421.23 2 1
github.com/hknutzen/Netspoc/go/pkg/pass1/set-zone.go:425.5,425.13 1 1
github.com/hknutzen/Netspoc/go/pkg/pass1/set-zone.go:412.28,413.37 1 1
github.com/hknutzen/Netspoc/go/pkg/pass1/set-zone.go:413.37,415.7 1 1
github.com/hknutzen/Netspoc/go/pkg/pass1/set-zone.go:415.12,418.7 2 1
github.com/hknutzen/Netspoc/go/pkg/pass1/set-zone.go:421.23,424.6 1 1
github.com/hknutzen/Netspoc/go/pkg/pass1/set-zone.go:431.25,433.5 1 1
github.com/hknutzen/Netspoc/go/pkg/pass1/set-zone.go:449.61,451.20 2 1
github.com/hknutzen/Netspoc/go/pkg/pass1/set-zone.go:456.2,458.56 2 1
github.com/hknutzen/Netspoc/go/pkg/pass1/set-zone.go:461.2,464.13 2 1
github.com/hknutzen/Netspoc/go/pkg/pass1/set-zone.go:451.20,453.3 1 1
github.com/hknutzen/Netspoc/go/pkg/pass1/set-zone.go:458.56,460.3 1 1
github.com/hknutzen/Netspoc/go/pkg/pass1/set-zone.go:473.65,476.23 1 1
github.com/hknutzen/Netspoc/go/pkg/pass1/set-zone.go:481.2,482.14 2 1
github.com/hknutzen/Netspoc/go/pkg/pass1/set-zone.go:486.2,489.25 3 1
github.com/hknutzen/Netspoc/go/pkg/pass1/set-zone.go:504.2,504.38 1 1
github.com/hknutzen/Netspoc/go/pkg/pass1/set-zone.go:536.2,536.12 1 1
github.com/hknutzen/Netspoc/go/pkg/pass1/set-zone.go:476.23,478.3 1 1
github.com/hknutzen/Netspoc/go/pkg/pass1/set-zone.go:482.14,485.3 2 1
github.com/hknutzen/Netspoc/go/pkg/pass1/set-zone.go:490.13,493.20 2 1
github.com/hknutzen/Netspoc/go/pkg/pass1/set-zone.go:496.15,497.39 1 1
github.com/hknutzen/Netspoc/go/pkg/pass1/set-zone.go:493.20,495.4 1 1
github.com/hknutzen/Netspoc/go/pkg/pass1/set-zone.go:497.39,499.4 1 1
github.com/hknutzen/Netspoc/go/pkg/pass1/set-zone.go:499.9,499.34 1 1
github.com/hknutzen/Netspoc/go/pkg/pass1/set-zone.go:499.34,501.4 1 1
github.com/hknutzen/Netspoc/go/pkg/pass1/set-zone.go:504.38,505.41 1 1
github.com/hknutzen/Netspoc/go/pkg/pass1/set-zone.go:510.3,510.38 1 1
github.com/hknutzen/Netspoc/go/pkg/pass1/set-zone.go:523.3,524.13 2 1
github.com/hknutzen/Netspoc/go/pkg/pass1/set-zone.go:529.3,530.21 2 1
github.com/hknutzen/Netspoc/go/pkg/pass1/set-zone.go:505.41,506.12 1 1
github.com/hknutzen/Netspoc/go/pkg/pass1/set-zone.go:510.38,512.39 1 1
github.com/hknutzen/Netspoc/go/pkg/pass1/set-zone.go:518.4,519.12 2 1
github.com/hknutzen/Netspoc/go/pkg/pass1/set-zone.go:512.39,515.5 1 1
github.com/hknutzen/Netspoc/go/pkg/pass1/set-zone.go:524.13,526.4 1 1
github.com/hknutzen/Netspoc/go/pkg/pass1/set-zone.go:526.9,528.4 1 1
github.com/hknutzen/Netspoc/go/pkg/pass1/set-zone.go:530.21,534.4 2 1
github.com/hknutzen/Netspoc/go/pkg/pass1/set-zone.go:539.49,541.25 2 1
github.com/hknutzen/Netspoc/go/pkg/pass1/set-zone.go:546.2,546.14 1 1
github.com/hknutzen/Netspoc/go/pkg/pass1/set-zone.go:541.25,542.27 1 1
github.com/hknutzen/Netspoc/go/pkg/pass1/set-zone.go:542.27,544.4 1 1
github.com/hknutzen/Netspoc/go/pkg/pass1/set-zone.go:552.79,554.28 1 1
github.com/hknutzen/Netspoc/go/pkg/pass1/set-zone.go:558.2,558.32 1 1
github.com/hknutzen/Netspoc/go/pkg/pass1/set-zone.go:570.2,570.34 1 1
github.com/hknutzen/Netspoc/go/pkg/pass1/set-zone.go:575.2,578.40 2 1
github.com/hknutzen/Netspoc/go/pkg/pass1/set-zone.go:590.2,590.31 1 1
github.com/hknutzen/Netspoc/go/pkg/pass1/set-zone.go:646.2,646.33 1 1
github.com/hknutzen/Netspoc/go/pkg/pass1/set-zone.go:649.2,649.39 1 1
github.com/hknutzen/Netspoc/go/pkg/pass1/set-zone.go:554.28,556.3 1 1
github.com/hknutzen/Netspoc/go/pkg/pass1/set-zone.go:558.32,559.43 1 1
github.com/hknutzen/Netspoc/go/pkg/pass1/set-zone.go:559.43,562.16 3 1
github.com/hknutzen/Netspoc/go/pkg/pass1/set-zone.go:565.4,565.18 1 1
github.com/hknutzen/Netspoc/go/pkg/pass1/set-zone.go:562.16,564.5 1 1
github.com/hknutzen/Netspoc/go/pkg/pass1/set-zone.go:570.34,571.18 1 1
github.com/hknutzen/Netspoc/go/pkg/pass1/set-zone.go:571.18,573.4 1 1
github.com/hknutzen/Netspoc/go/pkg/pass1/set-zone.go:578.40,580.31 2 1
github.com/hknutzen/Netspoc/go/pkg/pass1/set-zone.go:583.3,583.40 1 1
github.com/hknutzen/Netspoc/go/pkg/pass1/set-zone.go:586.3,586.16 1 1
github.com/hknutzen/Netspoc/go/pkg/pass1/set-zone.go:580.31,582.4 1 1
github.com/hknutzen/Netspoc/go/pkg/pass1/set-zone.go:583.40,585.4 1 1
github.com/hknutzen/Netspoc/go/pkg/pass1/set-zone.go:590.31,592.18 2 1
github.com/hknutzen/Netspoc/go/pkg/pass1/set-zone.go:597.3,598.23 2 1
github.com/hknutzen/Netspoc/go/pkg/pass1/set-zone.go:601.3,607.31 4 1
github.com/hknutzen/Netspoc/go/pkg/pass1/set-zone.go:611.2,612.36 1 1
github.com/hknutzen/Netspoc/go/pkg/pass1/set-zone.go:592.18,594.4 1 1
github.com/hknutzen/Netspoc/go/pkg/pass1/set-zone.go:598.23,600.4 1 1
github.com/hknutzen/Netspoc/go/pkg/pass1/set-zone.go:607.31,609.4 1 1
github.com/hknutzen/Netspoc/go/pkg/pass1/set-zone.go:612.36,615.28 3 1
github.com/hknutzen/Netspoc/go/pkg/pass1/set-zone.go:618.4,623.35 4 1
github.com/hknutzen/Netspoc/go/pkg/pass1/set-zone.go:641.4,641.39 1 1
github.com/hknutzen/Netspoc/go/pkg/pass1/set-zone.go:615.28,616.13 1 1
github.com/hknutzen/Netspoc/go/pkg/pass1/set-zone.go:623.35,624.30 1 1
github.com/hknutzen/Netspoc/go/pkg/pass1/set-zone.go:627.5,627.35 1 1
github.com/hknutzen/Netspoc/go/pkg/pass1/set-zone.go:624.30,625.14 1 1
github.com/hknutzen/Netspoc/go/pkg/pass1/set-zone.go:627.35,628.32 1 1
github.com/hknutzen/Netspoc/go/pkg/pass1/set-zone.go:631.6,636.21 2 1
github.com/hknutzen/Netspoc/go/pkg/pass1/set-zone.go:628.32,629.15 1 1
github.com/hknutzen/Netspoc/go/pkg/pass1/set-zone.go:641.39,643.5 1 1
github.com/hknutzen/Netspoc/go/pkg/pass1/set-zone.go:646.33,648.3 1 1
github.com/hknutzen/Netspoc/go/pkg/pass1/set-zone.go:649.39,651.3 1 1
github.com/hknutzen/Netspoc/go/pkg/pass1/set-zone.go:662.36,667.41 3 1
github.com/hknutzen/Netspoc/go/pkg/pass1/set-zone.go:675.2,675.42 1 1
github.com/hknutzen/Netspoc/go/pkg/pass1/set-zone.go:678.2,678.30 1 1
github.com/hknutzen/Netspoc/go/pkg/pass1/set-zone.go:728.2,728.35 1 1
github.com/hknutzen/Netspoc/go/pkg/pass1/set-zone.go:667.41,669.29 2 1
github.com/hknutzen/Netspoc/go/pkg/pass1/set-zone.go:673.3,673.20 1 1
github.com/hknutzen/Netspoc/go/pkg/pass1/set-zone.go:669.29,671.12 2 1
github.com/hknutzen/Netspoc/go/pkg/pass1/set-zone.go:675.42,677.3 1 1
github.com/hknutzen/Netspoc/go/pkg/pass1/set-zone.go:678.30,684.23 4 1
github.com/hknutzen/Netspoc/go/pkg/pass1/set-zone.go:688.3,688.30 1 1
github.com/hknutzen/Netspoc/go/pkg/pass1/set-zone.go:700.3,701.21 2 1
github.com/hknutzen/Netspoc/go/pkg/pass1/set-zone.go:724.3,724.37 1 1
github.com/hknutzen/Netspoc/go/pkg/pass1/set-zone.go:684.23,687.4 1 1
github.com/hknutzen/Netspoc/go/pkg/pass1/set-zone.go:688.30,689.57 1 1
github.com/hknutzen/Netspoc/go/pkg/pass1/set-zone.go:689.57,691.5 1 1
github.com/hknutzen/Netspoc/go/pkg/pass1/set-zone.go:701.21,702.34 1 1
github.com/hknutzen/Netspoc/go/pkg/pass1/set-zone.go:716.4,716.32 1 1
github.com/hknutzen/Netspoc/go/pkg/pass1/set-zone.go:702.34,703.26 1 1
github.com/hknutzen/Netspoc/go/pkg/pass1/set-zone.go:714.5,714.18 1 1
github.com/hknutzen/Netspoc/go/pkg/pass1/set-zone.go:703.26,705.6 1 1
github.com/hknutzen/Netspoc/go/pkg/pass1/set-zone.go:705.11,707.33 1 1
github.com/hknutzen/Netspoc/go/pkg/pass1/set-zone.go:707.33,709.29 2 1
github.com/hknutzen/Netspoc/go/pkg/pass1/set-zone.go:709.29,711.8 1 1
github.com/hknutzen/Netspoc/go/pkg/pass1/set-zone.go:716.32,717.32 1 1
github.com/hknutzen/Netspoc/go/pkg/pass1/set-zone.go:717.32,719.6 1 1
github.com/hknutzen/Netspoc/go/pkg/pass1/set-zone.go:728.35,730.3 1 1
github.com/hknutzen/Netspoc/go/pkg/pass1/set-zone.go:733.36,739.2 5 1
github.com/hknutzen/Netspoc/go/pkg/pass1/set-zone.go:743.69,746.37 1 1
github.com/hknutzen/Netspoc/go/pkg/pass1/set-zone.go:746.37,749.3 2 1
github.com/hknutzen/Netspoc/go/pkg/pass1/set-zone.go:755.49,759.17 2 1
github.com/hknutzen/Netspoc/go/pkg/pass1/set-zone.go:762.2,764.28 3 1
github.com/hknutzen/Netspoc/go/pkg/pass1/set-zone.go:768.2,768.28 1 1
github.com/hknutzen/Netspoc/go/pkg/pass1/set-zone.go:779.2,779.37 1 1
github.com/hknutzen/Netspoc/go/pkg/pass1/set-zone.go:794.2,794.15 1 1
github.com/hknutzen/Netspoc/go/pkg/pass1/set-zone.go:759.17,761.3 1 1
github.com/hknutzen/Netspoc/go/pkg/pass1/set-zone.go:764.28,766.3 1 1
github.com/hknutzen/Netspoc/go/pkg/pass1/set-zone.go:768.28,769.49 1 1
github.com/hknutzen/Netspoc/go/pkg/pass1/set-zone.go:769.49,770.16 1 1
github.com/hknutzen/Netspoc/go/pkg/pass1/set-zone.go:770.16,773.5 1 1
github.com/hknutzen/Netspoc/go/pkg/pass1/set-zone.go:774.9,776.4 1 1
github.com/hknutzen/Netspoc/go/pkg/pass1/set-zone.go:779.37,780.16 1 1
github.com/hknutzen/Netspoc/go/pkg/pass1/set-zone.go:783.3,783.16 1 1
github.com/hknutzen/Netspoc/go/pkg/pass1/set-zone.go:780.16,782.4 1 1
github.com/hknutzen/Netspoc/go/pkg/pass1/set-zone.go:783.16,784.40 1 1
github.com/hknutzen/Netspoc/go/pkg/pass1/set-zone.go:784.40,785.28 1 1
github.com/hknutzen/Netspoc/go/pkg/pass1/set-zone.go:785.28,788.6 1 1
github.com/hknutzen/Netspoc/go/pkg/pass1/set-zone.go:789.10,791.5 1 1
github.com/hknutzen/Netspoc/go/pkg/pass1/set-zone.go:794.15,795.43 1 1
github.com/hknutzen/Netspoc/go/pkg/pass1/set-zone.go:795.43,797.4 1 1
github.com/hknutzen/Netspoc/go/pkg/pass1/set-zone.go:801.40,802.24 1 1
github.com/hknutzen/Netspoc/go/pkg/pass1/set-zone.go:805.2,805.23 1 1
github.com/hknutzen/Netspoc/go/pkg/pass1/set-zone.go:810.2,810.13 1 1
github.com/hknutzen/Netspoc/go/pkg/pass1/set-zone.go:802.24,804.3 1 1
github.com/hknutzen/Netspoc/go/pkg/pass1/set-zone.go:805.23,806.17 1 1
github.com/hknutzen/Netspoc/go/pkg/pass1/set-zone.go:806.17,808.4 1 1
github.com/hknutzen/Netspoc/go/pkg/pass1/set-zone.go:815.67,817.14 2 1
github.com/hknutzen/Netspoc/go/pkg/pass1/set-zone.go:822.2,823.22 2 1
github.com/hknutzen/Netspoc/go/pkg/pass1/set-zone.go:826.2,827.27 2 1
github.com/hknutzen/Netspoc/go/pkg/pass1/set-zone.go:817.14,819.3 1 1
github.com/hknutzen/Netspoc/go/pkg/pass1/set-zone.go:823.22,825.3 1 1
github.com/hknutzen/Netspoc/go/pkg/pass1/set-zone.go:827.27,831.29 2 1
github.com/hknutzen/Netspoc/go/pkg/pass1/set-zone.go:831.29,834.35 1 1
github.com/hknutzen/Netspoc/go/pkg/pass1/set-zone.go:842.4,842.20 1 1
github.com/hknutzen/Netspoc/go/pkg/pass1/set-zone.go:845.4,845.19 1 1
github.com/hknutzen/Netspoc/go/pkg/pass1/set-zone.go:834.35,838.13 2 1
github.com/hknutzen/Netspoc/go/pkg/pass1/set-zone.go:842.20,844.5 1 1
github.com/hknutzen/Netspoc/go/pkg/pass1/set-zone.go:858.80,860.19 1 1
github.com/hknutzen/Netspoc/go/pkg/pass1/set-zone.go:863.2,864.26 2 1
github.com/hknutzen/Netspoc/go/pkg/pass1/set-zone.go:860.19,862.3 1 1
github.com/hknutzen/Netspoc/go/pkg/pass1/set-zone.go:864.26,867.3 1 1
github.com/hknutzen/Netspoc/go/pkg/pass1/set-zone.go:872.41,877.2 1 1
github.com/hknutzen/Netspoc/go/pkg/pass1/set-zone.go:879.60,881.32 2 1
github.com/hknutzen/Netspoc/go/pkg/pass1/set-zone.go:881.32,882.16 1 1
github.com/hknutzen/Netspoc/go/pkg/pass1/set-zone.go:920.3,920.20 1 1
github.com/hknutzen/Netspoc/go/pkg/pass1/set-zone.go:882.16,887.33 2 1
github.com/hknutzen/Netspoc/go/pkg/pass1/set-zone.go:904.4,904.49 1 1
github.com/hknutzen/Netspoc/go/pkg/pass1/set-zone.go:907.4,907.33 1 1
github.com/hknutzen/Netspoc/go/pkg/pass1/set-zone.go:887.33,888.28 1 1
github.com/hknutzen/Netspoc/go/pkg/pass1/set-zone.go:891.5,891.34 1 1
github.com/hknutzen/Netspoc/go/pkg/pass1/set-zone.go:896.5,896.44 1 1
github.com/hknutzen/Netspoc/go/pkg/pass1/set-zone.go:888.28,890.6 1 1
github.com/hknutzen/Netspoc/go/pkg/pass1/set-zone.go:891.34,892.22 1 1
github.com/hknutzen/Netspoc/go/pkg/pass1/set-zone.go:892.22,894.7 1 1
github.com/hknutzen/Netspoc/go/pkg/pass1/set-zone.go:896.44,897.22 1 1
github.com/hknutzen/Netspoc/go/pkg/pass1/set-zone.go:897.22,899.7 1 1
github.com/hknutzen/Netspoc/go/pkg/pass1/set-zone.go:904.49,906.5 1 1
github.com/hknutzen/Netspoc/go/pkg/pass1/set-zone.go:907.33,908.36 1 1
github.com/hknutzen/Netspoc/go/pkg/pass1/set-zone.go:908.36,911.39 1 1
github.com/hknutzen/Netspoc/go/pkg/pass1/set-zone.go:911.39,913.7 1 1
github.com/hknutzen/Netspoc/go/pkg/pass1/set-zone.go:920.20,924.33 1 1
github.com/hknutzen/Netspoc/go/pkg/pass1/set-zone.go:929.4,930.61 1 1
github.com/hknutzen/Netspoc/go/pkg/pass1/set-zone.go:924.33,925.21 1 1
github.com/hknutzen/Netspoc/go/pkg/pass1/set-zone.go:925.21,927.6 1 1
github.com/hknutzen/Netspoc/go/pkg/pass1/set-zone.go:943.60,946.27 2 1
github.com/hknutzen/Netspoc/go/pkg/pass1/set-zone.go:949.2,950.27 2 1
github.com/hknutzen/Netspoc/go/pkg/pass1/set-zone.go:946.27,948.3 1 1
github.com/hknutzen/Netspoc/go/pkg/pass1/set-zone.go:950.27,957.32 2 1
github.com/hknutzen/Netspoc/go/pkg/pass1/set-zone.go:957.32,960.57 1 1
github.com/hknutzen/Netspoc/go/pkg/pass1/set-zone.go:965.4,965.39 1 1
github.com/hknutzen/Netspoc/go/pkg/pass1/set-zone.go:960.57,961.13 1 1
github.com/hknutzen/Netspoc/go/pkg/pass1/set-zone.go:965.39,970.5 1 1
github.com/hknutzen/Netspoc/go/pkg/pass1/set-zone.go:970.10,970.53 1 1
github.com/hknutzen/Netspoc/go/pkg/pass1/set-zone.go:970.53,973.5 1 1
github.com/hknutzen/Netspoc/go/pkg/pass1/set-zone.go:973.10,987.21 5 1
github.com/hknutzen/Netspoc/go/pkg/pass1/set-zone.go:1003.5,1003.21 1 1
github.com/hknutzen/Netspoc/go/pkg/pass1/set-zone.go:1006.5,1006.25 1 1
github.com/hknutzen/Netspoc/go/pkg/pass1/set-zone.go:987.21,990.35 1 1
github.com/hknutzen/Netspoc/go/pkg/pass1/set-zone.go:997.6,1000.7 1 1
github.com/hknutzen/Netspoc/go/pkg/pass1/set-zone.go:990.35,994.7 1 1
github.com/hknutzen/Netspoc/go/pkg/pass1/set-zone.go:1003.21,1005.6 1 1
github.com/hknutzen/Netspoc/go/pkg/pass1/set-zone.go:1012.48,1013.31 1 1
github.com/hknutzen/Netspoc/go/pkg/pass1/set-zone.go:1013.31,1014.29 1 1
github.com/hknutzen/Netspoc/go/pkg/pass1/set-zone.go:1014.29,1018.33 2 1
github.com/hknutzen/Netspoc/go/pkg/pass1/set-zone.go:1023.4,1023.22 1 1
github.com/hknutzen/Netspoc/go/pkg/pass1/set-zone.go:1018.33,1019.25 1 1
github.com/hknutzen/Netspoc/go/pkg/pass1/set-zone.go:1019.25,1021.6 1 1
github.com/hknutzen/Netspoc/go/pkg/pass1/set-zone.go:1023.22,1027.5 1 1
github.com/hknutzen/Netspoc/go/pkg/pass1/set-zone.go:1037.67,1038.34 1 1
github.com/hknutzen/Netspoc/go/pkg/pass1/set-zone.go:1038.34,1040.15 2 1
github.com/hknutzen/Netspoc/go/pkg/pass1/set-zone.go:1043.3,1043.20 1 1
github.com/hknutzen/Netspoc/go/pkg/pass1/set-zone.go:1047.3,1047.27 1 1
github.com/hknutzen/Netspoc/go/pkg/pass1/set-zone.go:1055.3,1055.18 1 1
github.com/hknutzen/Netspoc/go/pkg/pass1/set-zone.go:1040.15,1041.12 1 1
github.com/hknutzen/Netspoc/go/pkg/pass1/set-zone.go:1043.20,1045.12 2 1
github.com/hknutzen/Netspoc/go/pkg/pass1/set-zone.go:1047.27,1048.20 1 1
github.com/hknutzen/Netspoc/go/pkg/pass1/set-zone.go:1048.20,1050.22 2 1
github.com/hknutzen/Netspoc/go/pkg/pass1/set-zone.go:1050.22,1052.6 1 1
github.com/hknutzen/Netspoc/go/pkg/pass1/set-zone.go:1055.18,1057.4 1 1
github.com/hknutzen/Netspoc/go/pkg/pass1/set-zone.go:1062.37,1063.31 1 1
github.com/hknutzen/Netspoc/go/pkg/pass1/set-zone.go:1063.31,1064.37 1 1
github.com/hknutzen/Netspoc/go/pkg/pass1/set-zone.go:1064.37,1065.41 1 1
github.com/hknutzen/Netspoc/go/pkg/pass1/set-zone.go:1065.41,1066.27 1 1
github.com/hknutzen/Netspoc/go/pkg/pass1/set-zone.go:1066.27,1069.6 1 1
github.com/hknutzen/Netspoc/go/pkg/pass2/check-acl.go:20.25,24.20 2 1
github.com/hknutzen/Netspoc/go/pkg/pass2/check-acl.go:32.2,33.46 2 1
github.com/hknutzen/Netspoc/go/pkg/pass2/check-acl.go:43.2,44.21 2 1
github.com/hknutzen/Netspoc/go/pkg/pass2/check-acl.go:54.2,55.60 2 1
github.com/hknutzen/Netspoc/go/pkg/pass2/check-acl.go:59.2,60.40 2 1
github.com/hknutzen/Netspoc/go/pkg/pass2/check-acl.go:63.2,63.29 1 1
github.com/hknutzen/Netspoc/go/pkg/pass2/check-acl.go:68.2,73.37 3 1
github.com/hknutzen/Netspoc/go/pkg/pass2/check-acl.go:24.20,29.3 2 1
github.com/hknutzen/Netspoc/go/pkg/pass2/check-acl.go:33.46,34.27 1 1
github.com/hknutzen/Netspoc/go/pkg/pass2/check-acl.go:37.3,39.11 3 1
github.com/hknutzen/Netspoc/go/pkg/pass2/check-acl.go:34.27,36.4 1 1
github.com/hknutzen/Netspoc/go/pkg/pass2/check-acl.go:44.21,47.17 3 1
github.com/hknutzen/Netspoc/go/pkg/pass2/check-acl.go:47.17,50.4 2 1
github.com/hknutzen/Netspoc/go/pkg/pass2/check-acl.go:55.60,58.3 2 1
github.com/hknutzen/Netspoc/go/pkg/pass2/check-acl.go:60.40,62.3 1 1
github.com/hknutzen/Netspoc/go/pkg/pass2/check-acl.go:63.29,66.3 2 1
github.com/hknutzen/Netspoc/go/pkg/pass2/check-acl.go:76.50,78.16 2 1
github.com/hknutzen/Netspoc/go/pkg/pass2/check-acl.go:81.2,82.33 2 1
github.com/hknutzen/Netspoc/go/pkg/pass2/check-acl.go:78.16,80.3 1 1
github.com/hknutzen/Netspoc/go/pkg/pass2/check-acl.go:85.45,87.29 2 1
github.com/hknutzen/Netspoc/go/pkg/pass2/check-acl.go:137.2,137.15 1 1
github.com/hknutzen/Netspoc/go/pkg/pass2/check-acl.go:87.29,89.17 2 1
github.com/hknutzen/Netspoc/go/pkg/pass2/check-acl.go:92.3,94.23 3 1
github.com/hknutzen/Netspoc/go/pkg/pass2/check-acl.go:98.3,104.29 7 1
github.com/hknutzen/Netspoc/go/pkg/pass2/check-acl.go:107.3,107.14 1 1
github.com/hknutzen/Netspoc/go/pkg/pass2/check-acl.go:131.3,131.16 1 1
github.com/hknutzen/Netspoc/go/pkg/pass2/check-acl.go:134.3,135.30 2 1
github.com/hknutzen/Netspoc/go/pkg/pass2/check-acl.go:89.17,90.12 1 1
github.com/hknutzen/Netspoc/go/pkg/pass2/check-acl.go:94.23,96.12 2 1
github.com/hknutzen/Netspoc/go/pkg/pass2/check-acl.go:104.29,105.12 1 1
github.com/hknutzen/Netspoc/go/pkg/pass2/check-acl.go:108.21,109.30 1 1
github.com/hknutzen/Netspoc/go/pkg/pass2/check-acl.go:110.15,112.15 2 1
github.com/hknutzen/Netspoc/go/pkg/pass2/check-acl.go:125.16,126.28 1 1
github.com/hknutzen/Netspoc/go/pkg/pass2/check-acl.go:127.11,129.12 2 1
github.com/hknutzen/Netspoc/go/pkg/pass2/check-acl.go:112.15,117.32 5 1
github.com/hknutzen/Netspoc/go/pkg/pass2/check-acl.go:120.5,120.27 1 1
github.com/hknutzen/Netspoc/go/pkg/pass2/check-acl.go:117.32,118.14 1 1
github.com/hknutzen/Netspoc/go/pkg/pass2/check-acl.go:121.10,123.13 2 1
github.com/hknutzen/Netspoc/go/pkg/pass2/check-acl.go:131.16,132.12 1 1
github.com/hknutzen/Netspoc/go/pkg/pass2/check-acl.go:140.31,142.15 2 1
github.com/hknutzen/Netspoc/go/pkg/pass2/check-acl.go:146.2,146.20 1 1
github.com/hknutzen/Netspoc/go/pkg/pass2/check-acl.go:142.15,145.3 2 1
github.com/hknutzen/Netspoc/go/pkg/pass2/check-acl.go:149.41,151.41 2 1
github.com/hknutzen/Netspoc/go/pkg/pass2/check-acl.go:155.2,155.26 1 1
github.com/hknutzen/Netspoc/go/pkg/pass2/check-acl.go:151.41,154.3 2 1
github.com/hknutzen/Netspoc/go/pkg/pass2/check-acl.go:161.56,164.31 3 1
github.com/hknutzen/Netspoc/go/pkg/pass2/check-acl.go:170.2,170.18 1 1
github.com/hknutzen/Netspoc/go/pkg/pass2/check-acl.go:175.2,187.30 7 1
github.com/hknutzen/Netspoc/go/pkg/pass2/check-acl.go:200.2,200.10 1 1
github.com/hknutzen/Netspoc/go/pkg/pass2/check-acl.go:164.31,165.20 1 1
github.com/hknutzen/Netspoc/go/pkg/pass2/check-acl.go:165.20,167.9 2 1
github.com/hknutzen/Netspoc/go/pkg/pass2/check-acl.go:170.18,173.3 2 1
github.com/hknutzen/Netspoc/go/pkg/pass2/check-acl.go:187.30,189.16 2 1
github.com/hknutzen/Netspoc/go/pkg/pass2/check-acl.go:195.3,198.53 4 1
github.com/hknutzen/Netspoc/go/pkg/pass2/check-acl.go:189.16,192.4 1 1
github.com/hknutzen/Netspoc/go/pkg/pass2/check-acl.go:192.9,194.4 1 1
github.com/hknutzen/Netspoc/go/pkg/pass2/check-acl.go:203.42,208.22 5 1
github.com/hknutzen/Netspoc/go/pkg/pass2/check-acl.go:228.2,228.17 1 1
github.com/hknutzen/Netspoc/go/pkg/pass2/check-acl.go:208.22,211.15 1 1
github.com/hknutzen/Netspoc/go/pkg/pass2/check-acl.go:214.3,215.34 2 1
github.com/hknutzen/Netspoc/go/pkg/pass2/check-acl.go:223.3,226.55 4 1
github.com/hknutzen/Netspoc/go/pkg/pass2/check-acl.go:211.15,212.12 1 1
github.com/hknutzen/Netspoc/go/pkg/pass2/check-acl.go:215.34,216.43 1 1
github.com/hknutzen/Netspoc/go/pkg/pass2/check-acl.go:221.4,221.33 1 1
github.com/hknutzen/Netspoc/go/pkg/pass2/check-acl.go:216.43,218.5 1 1
github.com/hknutzen/Netspoc/go/pkg/pass2/check-acl.go:218.10,220.5 1 1
github.com/hknutzen/Netspoc/go/pkg/pass1/address.go:10.54,15.25 5 1
github.com/hknutzen/Netspoc/go/pkg/pass1/address.go:18.2,19.18 2 1
github.com/hknutzen/Netspoc/go/pkg/pass1/address.go:15.25,17.3 1 1
github.com/hknutzen/Netspoc/go/pkg/pass1/address.go:22.37,23.10 1 1
github.com/hknutzen/Netspoc/go/pkg/pass1/address.go:26.2,26.11 1 1
github.com/hknutzen/Netspoc/go/pkg/pass1/address.go:23.10,25.3 1 1
github.com/hknutzen/Netspoc/go/pkg/pass1/address.go:32.38,33.10 1 1
github.com/hknutzen/Netspoc/go/pkg/pass1/address.go:33.10,35.3 1 1
github.com/hknutzen/Netspoc/go/pkg/pass1/address.go:35.8,37.3 1 1
github.com/hknutzen/Netspoc/go/pkg/pass1/address.go:54.39,55.10 1 1
github.com/hknutzen/Netspoc/go/pkg/pass1/address.go:55.10,57.3 1 1
github.com/hknutzen/Netspoc/go/pkg/pass1/address.go:57.8,59.3 1 1
github.com/hknutzen/Netspoc/go/pkg/pass1/address.go:62.51,63.29 1 1
github.com/hknutzen/Netspoc/go/pkg/pass1/address.go:66.2,66.10 1 1
github.com/hknutzen/Netspoc/go/pkg/pass1/address.go:63.29,65.3 1 1
github.com/hknutzen/Netspoc/go/pkg/pass1/address.go:69.56,72.2 2 1
github.com/hknutzen/Netspoc/go/pkg/pass1/address.go:74.55,77.2 2 1
github.com/hknutzen/Netspoc/go/pkg/pass1/address.go:79.59,81.32 2 1
github.com/hknutzen/Netspoc/go/pkg/pass1/address.go:84.2,85.66 2 1
github.com/hknutzen/Netspoc/go/pkg/pass1/address.go:81.32,83.3 1 1
github.com/hknutzen/Netspoc/go/pkg/pass1/address.go:89.42,91.15 1 1
github.com/hknutzen/Netspoc/go/pkg/pass1/address.go:101.2,101.57 1 1
github.com/hknutzen/Netspoc/go/pkg/pass1/address.go:91.15,93.32 2 1
github.com/hknutzen/Netspoc/go/pkg/pass1/address.go:93.32,97.4 1 1
github.com/hknutzen/Netspoc/go/pkg/pass1/address.go:97.9,99.4 1 1
github.com/hknutzen/Netspoc/go/pkg/pass1/background.go:14.56,15.37 1 1
github.com/hknutzen/Netspoc/go/pkg/pass1/background.go:20.2,23.10 3 1
github.com/hknutzen/Netspoc/go/pkg/pass1/background.go:30.2,30.33 1 1
github.com/hknutzen/Netspoc/go/pkg/pass1/background.go:15.37,18.3 2 1
github.com/hknutzen/Netspoc/go/pkg/pass1/background.go:23.10,25.28 2 1
github.com/hknutzen/Netspoc/go/pkg/pass1/background.go:25.28,27.5 1 1
github.com/hknutzen/Netspoc/go/pkg/pass1/background.go:29.10,29.23 1 1
github.com/hknutzen/Netspoc/go/pkg/pass1/background.go:35.43,37.15 2 1
github.com/hknutzen/Netspoc/go/pkg/pass1/background.go:40.2,41.26 2 1
github.com/hknutzen/Netspoc/go/pkg/pass1/background.go:49.2,49.20 1 1
github.com/hknutzen/Netspoc/go/pkg/pass1/background.go:37.15,39.3 1 1
github.com/hknutzen/Netspoc/go/pkg/pass1/background.go:41.26,43.35 2 1
github.com/hknutzen/Netspoc/go/pkg/pass1/background.go:43.35,44.64 1 1
github.com/hknutzen/Netspoc/go/pkg/pass1/background.go:44.64,46.5 1 1
github.com/hknutzen/Netspoc/go/pkg/pass1/check-unstable-nat-rules.go:5.40,7.30 2 1
github.com/hknutzen/Netspoc/go/pkg/pass1/check-unstable-nat-rules.go:66.2,67.32 2 1
github.com/hknutzen/Netspoc/go/pkg/pass1/check-unstable-nat-rules.go:7.30,8.26 1 1
github.com/hknutzen/Netspoc/go/pkg/pass1/check-unstable-nat-rules.go:8.26,9.45 1 1
github.com/hknutzen/Netspoc/go/pkg/pass1/check-unstable-nat-rules.go:20.4,22.48 3 1
github.com/hknutzen/Netspoc/go/pkg/pass1/check-unstable-nat-rules.go:25.4,25.59 1 1
github.com/hknutzen/Netspoc/go/pkg/pass1/check-unstable-nat-rules.go:45.4,45.65 1 1
github.com/hknutzen/Netspoc/go/pkg/pass1/check-unstable-nat-rules.go:63.4,63.36 1 1
github.com/hknutzen/Netspoc/go/pkg/pass1/check-unstable-nat-rules.go:9.45,11.27 2 1
github.com/hknutzen/Netspoc/go/pkg/pass1/check-unstable-nat-rules.go:18.5,18.18 1 1
github.com/hknutzen/Netspoc/go/pkg/pass1/check-unstable-nat-rules.go:11.27,12.37 1 1
github.com/hknutzen/Netspoc/go/pkg/pass1/check-unstable-nat-rules.go:12.37,13.31 1 1
github.com/hknutzen/Netspoc/go/pkg/pass1/check-unstable-nat-rules.go:13.31,15.8 1 1
github.com/hknutzen/Netspoc/go/pkg/pass1/check-unstable-nat-rules.go:22.48,23.13 1 1
github.com/hknutzen/Netspoc/go/pkg/pass1/check-unstable-nat-rules.go:25.59,26.25 1 1
github.com/hknutzen/Netspoc/go/pkg/pass1/check-unstable-nat-rules.go:26.25,28.24 2 1
github.com/hknutzen/Netspoc/go/pkg/pass1/check-unstable-nat-rules.go:31.6,32.15 2 1
github.com/hknutzen/Netspoc/go/pkg/pass1/check-unstable-nat-rules.go:37.6,42.49 1 1
github.com/hknutzen/Netspoc/go/pkg/pass1/check-unstable-nat-rules.go:28.24,29.15 1 1
github.com/hknutzen/Netspoc/go/pkg/pass1/check-unstable-nat-rules.go:32.15,34.7 1 1
github.com/hknutzen/Netspoc/go/pkg/pass1/check-unstable-nat-rules.go:34.12,36.7 1 1
github.com/hknutzen/Netspoc/go/pkg/pass1/check-unstable-nat-rules.go:45.65,46.22 1 1
github.com/hknutzen/Netspoc/go/pkg/pass1/check-unstable-nat-rules.go:50.5,51.37 1 1
github.com/hknutzen/Netspoc/go/pkg/pass1/check-unstable-nat-rules.go:46.22,49.6 2 1
github.com/hknutzen/Netspoc/go/pkg/pass1/check-unstable-nat-rules.go:51.37,53.35 1 1
github.com/hknutzen/Netspoc/go/pkg/pass1/check-unstable-nat-rules.go:53.35,54.24 1 1
github.com/hknutzen/Netspoc/go/pkg/pass1/check-unstable-nat-rules.go:55.31,58.14 3 1
github.com/hknutzen/Netspoc/go/pkg/pass1/cut-netspoc.go:65.53,67.25 2 1
github.com/hknutzen/Netspoc/go/pkg/pass1/cut-netspoc.go:72.2,72.10 1 1
github.com/hknutzen/Netspoc/go/pkg/pass1/cut-netspoc.go:67.25,68.21 1 1
github.com/hknutzen/Netspoc/go/pkg/pass1/cut-netspoc.go:68.21,70.4 1 1
github.com/hknutzen/Netspoc/go/pkg/pass1/cut-netspoc.go:75.61,77.25 2 1
github.com/hknutzen/Netspoc/go/pkg/pass1/cut-netspoc.go:91.2,91.10 1 1
github.com/hknutzen/Netspoc/go/pkg/pass1/cut-netspoc.go:77.25,78.21 1 1
github.com/hknutzen/Netspoc/go/pkg/pass1/cut-netspoc.go:87.3,87.46 1 1
github.com/hknutzen/Netspoc/go/pkg/pass1/cut-netspoc.go:78.21,80.38 2 1
github.com/hknutzen/Netspoc/go/pkg/pass1/cut-netspoc.go:85.4,85.23 1 1
github.com/hknutzen/Netspoc/go/pkg/pass1/cut-netspoc.go:80.38,81.23 1 1
github.com/hknutzen/Netspoc/go/pkg/pass1/cut-netspoc.go:81.23,83.6 1 1
github.com/hknutzen/Netspoc/go/pkg/pass1/cut-netspoc.go:87.46,89.4 1 1
github.com/hknutzen/Netspoc/go/pkg/pass1/cut-netspoc.go:94.49,96.22 2 1
github.com/hknutzen/Netspoc/go/pkg/pass1/cut-netspoc.go:101.2,101.15 1 1
github.com/hknutzen/Netspoc/go/pkg/pass1/cut-netspoc.go:96.22,97.29 1 1
github.com/hknutzen/Netspoc/go/pkg/pass1/cut-netspoc.go:97.29,99.4 1 1
github.com/hknutzen/Netspoc/go/pkg/pass1/cut-netspoc.go:105.55,107.22 2 1
github.com/hknutzen/Netspoc/go/pkg/pass1/cut-netspoc.go:112.2,112.15 1 1
github.com/hknutzen/Netspoc/go/pkg/pass1/cut-netspoc.go:107.22,108.22 1 1
github.com/hknutzen/Netspoc/go/pkg/pass1/cut-netspoc.go:108.22,110.4 1 1
github.com/hknutzen/Netspoc/go/pkg/pass1/cut-netspoc.go:122.45,124.2 1 1
github.com/hknutzen/Netspoc/go/pkg/pass1/cut-netspoc.go:131.56,133.15 2 1
github.com/hknutzen/Netspoc/go/pkg/pass1/cut-netspoc.go:138.2,140.46 2 1
github.com/hknutzen/Netspoc/go/pkg/pass1/cut-netspoc.go:133.15,135.3 1 1
github.com/hknutzen/Netspoc/go/pkg/pass1/cut-netspoc.go:135.8,137.3 1 1
github.com/hknutzen/Netspoc/go/pkg/pass1/cut-netspoc.go:140.46,141.18 1 1
github.com/hknutzen/Netspoc/go/pkg/pass1/cut-netspoc.go:144.3,147.24 4 1
github.com/hknutzen/Netspoc/go/pkg/pass1/cut-netspoc.go:141.18,142.12 1 1
github.com/hknutzen/Netspoc/go/pkg/pass1/cut-netspoc.go:154.67,156.13 2 1
github.com/hknutzen/Netspoc/go/pkg/pass1/cut-netspoc.go:161.2,164.77 3 1
github.com/hknutzen/Netspoc/go/pkg/pass1/cut-netspoc.go:203.2,203.27 1 1
github.com/hknutzen/Netspoc/go/pkg/pass1/cut-netspoc.go:156.13,158.3 1 1
github.com/hknutzen/Netspoc/go/pkg/pass1/cut-netspoc.go:158.8,160.3 1 1
github.com/hknutzen/Netspoc/go/pkg/pass1/cut-netspoc.go:164.77,165.16 1 1
github.com/hknutzen/Netspoc/go/pkg/pass1/cut-netspoc.go:168.3,169.20 2 1
github.com/hknutzen/Netspoc/go/pkg/pass1/cut-netspoc.go:173.3,174.27 2 1
github.com/hknutzen/Netspoc/go/pkg/pass1/cut-netspoc.go:179.3,180.39 2 1
github.com/hknutzen/Netspoc/go/pkg/pass1/cut-netspoc.go:200.3,200.16 1 1
github.com/hknutzen/Netspoc/go/pkg/pass1/cut-netspoc.go:165.16,167.4 1 1
github.com/hknutzen/Netspoc/go/pkg/pass1/cut-netspoc.go:169.20,172.4 1 1
github.com/hknutzen/Netspoc/go/pkg/pass1/cut-netspoc.go:174.27,175.40 1 1
github.com/hknutzen/Netspoc/go/pkg/pass1/cut-netspoc.go:175.40,177.5 1 1
github.com/hknutzen/Netspoc/go/pkg/pass1/cut-netspoc.go:180.39,181.18 1 1
github.com/hknutzen/Netspoc/go/pkg/pass1/cut-netspoc.go:184.4,184.28 1 1
github.com/hknutzen/Netspoc/go/pkg/pass1/cut-netspoc.go:187.4,188.16 2 1
github.com/hknutzen/Netspoc/go/pkg/pass1/cut-netspoc.go:193.4,193.30 1 1
github.com/hknutzen/Netspoc/go/pkg/pass1/cut-netspoc.go:181.18,182.13 1 1
github.com/hknutzen/Netspoc/go/pkg/pass1/cut-netspoc.go:184.28,185.13 1 1
github.com/hknutzen/Netspoc/go/pkg/pass1/cut-netspoc.go:188.16,190.5 1 1
github.com/hknutzen/Netspoc/go/pkg/pass1/cut-netspoc.go:190.10,192.5 1 1
github.com/hknutzen/Netspoc/go/pkg/pass1/cut-netspoc.go:193.30,198.5 3 1
github.com/hknutzen/Netspoc/go/pkg/pass1/cut-netspoc.go:203.27,207.39 3 1
github.com/hknutzen/Netspoc/go/pkg/pass1/cut-netspoc.go:207.39,208.28 1 1
github.com/hknutzen/Netspoc/go/pkg/pass1/cut-netspoc.go:211.4,212.16 2 1
github.com/hknutzen/Netspoc/go/pkg/pass1/cut-netspoc.go:218.4,218.30 1 1
github.com/hknutzen/Netspoc/go/pkg/pass1/cut-netspoc.go:208.28,209.13 1 1
github.com/hknutzen/Netspoc/go/pkg/pass1/cut-netspoc.go:212.16,214.5 1 1
github.com/hknutzen/Netspoc/go/pkg/pass1/cut-netspoc.go:214.10,216.5 1 1
github.com/hknutzen/Netspoc/go/pkg/pass1/cut-netspoc.go:218.30,222.10 2 1
github.com/hknutzen/Netspoc/go/pkg/pass1/cut-netspoc.go:228.47,229.47 1 1
github.com/hknutzen/Netspoc/go/pkg/pass1/cut-netspoc.go:236.2,236.52 1 1
github.com/hknutzen/Netspoc/go/pkg/pass1/cut-netspoc.go:229.47,234.3 4 1
github.com/hknutzen/Netspoc/go/pkg/pass1/cut-netspoc.go:239.34,240.34 1 1
github.com/hknutzen/Netspoc/go/pkg/pass1/cut-netspoc.go:240.34,241.15 1 1
github.com/hknutzen/Netspoc/go/pkg/pass1/cut-netspoc.go:241.15,242.35 1 1
github.com/hknutzen/Netspoc/go/pkg/pass1/cut-netspoc.go:242.35,243.25 1 1
github.com/hknutzen/Netspoc/go/pkg/pass1/cut-netspoc.go:243.25,245.6 1 1
github.com/hknutzen/Netspoc/go/pkg/pass1/cut-netspoc.go:252.43,253.48 1 1
github.com/hknutzen/Netspoc/go/pkg/pass1/cut-netspoc.go:253.48,255.3 1 1
github.com/hknutzen/Netspoc/go/pkg/pass1/cut-netspoc.go:258.72,260.20 2 1
github.com/hknutzen/Netspoc/go/pkg/pass1/cut-netspoc.go:288.2,289.41 2 1
github.com/hknutzen/Netspoc/go/pkg/pass1/cut-netspoc.go:294.2,308.45 12 1
github.com/hknutzen/Netspoc/go/pkg/pass1/cut-netspoc.go:333.2,344.37 5 1
github.com/hknutzen/Netspoc/go/pkg/pass1/cut-netspoc.go:354.2,354.34 1 1
github.com/hknutzen/Netspoc/go/pkg/pass1/cut-netspoc.go:360.2,360.33 1 1
github.com/hknutzen/Netspoc/go/pkg/pass1/cut-netspoc.go:366.2,368.31 3 1
github.com/hknutzen/Netspoc/go/pkg/pass1/cut-netspoc.go:384.2,384.34 1 1
github.com/hknutzen/Netspoc/go/pkg/pass1/cut-netspoc.go:400.2,400.36 1 1
github.com/hknutzen/Netspoc/go/pkg/pass1/cut-netspoc.go:409.2,410.31 2 1
github.com/hknutzen/Netspoc/go/pkg/pass1/cut-netspoc.go:419.2,419.31 1 1
github.com/hknutzen/Netspoc/go/pkg/pass1/cut-netspoc.go:434.2,435.34 2 1
github.com/hknutzen/Netspoc/go/pkg/pass1/cut-netspoc.go:473.2,473.34 1 1
github.com/hknutzen/Netspoc/go/pkg/pass1/cut-netspoc.go:523.2,534.46 5 1
github.com/hknutzen/Netspoc/go/pkg/pass1/cut-netspoc.go:542.2,543.32 2 1
github.com/hknutzen/Netspoc/go/pkg/pass1/cut-netspoc.go:549.2,549.34 1 1
github.com/hknutzen/Netspoc/go/pkg/pass1/cut-netspoc.go:574.2,574.27 1 1
github.com/hknutzen/Netspoc/go/pkg/pass1/cut-netspoc.go:615.2,615.33 1 1
github.com/hknutzen/Netspoc/go/pkg/pass1/cut-netspoc.go:621.2,623.27 2 1
github.com/hknutzen/Netspoc/go/pkg/pass1/cut-netspoc.go:656.2,656.33 1 1
github.com/hknutzen/Netspoc/go/pkg/pass1/cut-netspoc.go:662.2,662.30 1 1
github.com/hknutzen/Netspoc/go/pkg/pass1/cut-netspoc.go:667.2,667.34 1 1
github.com/hknutzen/Netspoc/go/pkg/pass1/cut-netspoc.go:674.2,674.35 1 1
github.com/hknutzen/Netspoc/go/pkg/pass1/cut-netspoc.go:679.2,679.38 1 1
github.com/hknutzen/Netspoc/go/pkg/pass1/cut-netspoc.go:684.2,684.43 1 1
github.com/hknutzen/Netspoc/go/pkg/pass1/cut-netspoc.go:691.2,691.34 1 1
github.com/hknutzen/Netspoc/go/pkg/pass1/cut-netspoc.go:710.2,710.32 1 1
github.com/hknutzen/Netspoc/go/pkg/pass1/cut-netspoc.go:731.2,731.33 1 1
github.com/hknutzen/Netspoc/go/pkg/pass1/cut-netspoc.go:734.2,734.15 1 1
github.com/hknutzen/Netspoc/go/pkg/pass1/cut-netspoc.go:741.2,742.23 2 1
github.com/hknutzen/Netspoc/go/pkg/pass1/cut-netspoc.go:750.2,750.50 1 1
github.com/hknutzen/Netspoc/go/pkg/pass1/cut-netspoc.go:790.2,791.40 2 1
github.com/hknutzen/Netspoc/go/pkg/pass1/cut-netspoc.go:817.2,817.45 1 1
github.com/hknutzen/Netspoc/go/pkg/pass1/cut-netspoc.go:823.2,823.38 1 1
github.com/hknutzen/Netspoc/go/pkg/pass1/cut-netspoc.go:839.2,839.42 1 1
github.com/hknutzen/Netspoc/go/pkg/pass1/cut-netspoc.go:879.2,881.31 2 1
github.com/hknutzen/Netspoc/go/pkg/pass1/cut-netspoc.go:929.2,932.22 4 1
github.com/hknutzen/Netspoc/go/pkg/pass1/cut-netspoc.go:260.20,263.30 3 1
github.com/hknutzen/Netspoc/go/pkg/pass1/cut-netspoc.go:270.3,271.32 2 1
github.com/hknutzen/Netspoc/go/pkg/pass1/cut-netspoc.go:280.3,281.30 2 1
github.com/hknutzen/Netspoc/go/pkg/pass1/cut-netspoc.go:263.30,264.44 1 1
github.com/hknutzen/Netspoc/go/pkg/pass1/cut-netspoc.go:268.4,268.23 1 1
github.com/hknutzen/Netspoc/go/pkg/pass1/cut-netspoc.go:264.44,267.5 2 1
github.com/hknutzen/Netspoc/go/pkg/pass1/cut-netspoc.go:271.32,273.44 2 1
github.com/hknutzen/Netspoc/go/pkg/pass1/cut-netspoc.go:273.44,275.5 1 1
github.com/hknutzen/Netspoc/go/pkg/pass1/cut-netspoc.go:275.10,275.27 1 1
github.com/hknutzen/Netspoc/go/pkg/pass1/cut-netspoc.go:275.27,278.5 2 1
github.com/hknutzen/Netspoc/go/pkg/pass1/cut-netspoc.go:281.30,282.19 1 1
github.com/hknutzen/Netspoc/go/pkg/pass1/cut-netspoc.go:282.19,284.5 1 1
github.com/hknutzen/Netspoc/go/pkg/pass1/cut-netspoc.go:289.41,290.19 1 1
github.com/hknutzen/Netspoc/go/pkg/pass1/cut-netspoc.go:290.19,292.4 1 1
github.com/hknutzen/Netspoc/go/pkg/pass1/cut-netspoc.go:308.45,309.30 1 1
github.com/hknutzen/Netspoc/go/pkg/pass1/cut-netspoc.go:309.30,310.43 1 1
github.com/hknutzen/Netspoc/go/pkg/pass1/cut-netspoc.go:329.4,330.28 2 1
github.com/hknutzen/Netspoc/go/pkg/pass1/cut-netspoc.go:310.43,311.31 1 1
github.com/hknutzen/Netspoc/go/pkg/pass1/cut-netspoc.go:311.31,317.43 3 1
github.com/hknutzen/Netspoc/go/pkg/pass1/cut-netspoc.go:320.6,322.17 3 1
github.com/hknutzen/Netspoc/go/pkg/pass1/cut-netspoc.go:325.6,326.27 2 1
github.com/hknutzen/Netspoc/go/pkg/pass1/cut-netspoc.go:317.43,319.7 1 1
github.com/hknutzen/Netspoc/go/pkg/pass1/cut-netspoc.go:322.17,323.15 1 1
github.com/hknutzen/Netspoc/go/pkg/pass1/cut-netspoc.go:344.37,345.36 1 1
github.com/hknutzen/Netspoc/go/pkg/pass1/cut-netspoc.go:348.3,350.40 3 1
github.com/hknutzen/Netspoc/go/pkg/pass1/cut-netspoc.go:345.36,347.4 1 1
github.com/hknutzen/Netspoc/go/pkg/pass1/cut-netspoc.go:350.40,352.4 1 1
github.com/hknutzen/Netspoc/go/pkg/pass1/cut-netspoc.go:354.34,356.29 2 1
github.com/hknutzen/Netspoc/go/pkg/pass1/cut-netspoc.go:356.29,358.4 1 1
github.com/hknutzen/Netspoc/go/pkg/pass1/cut-netspoc.go:360.33,361.37 1 1
github.com/hknutzen/Netspoc/go/pkg/pass1/cut-netspoc.go:361.37,363.4 1 1
github.com/hknutzen/Netspoc/go/pkg/pass1/cut-netspoc.go:368.31,369.44 1 1
github.com/hknutzen/Netspoc/go/pkg/pass1/cut-netspoc.go:369.44,370.19 1 1
github.com/hknutzen/Netspoc/go/pkg/pass1/cut-netspoc.go:373.4,376.35 3 1
github.com/hknutzen/Netspoc/go/pkg/pass1/cut-netspoc.go:370.19,371.13 1 1
github.com/hknutzen/Netspoc/go/pkg/pass1/cut-netspoc.go:376.35,379.5 2 1
github.com/hknutzen/Netspoc/go/pkg/pass1/cut-netspoc.go:384.34,385.16 1 1
github.com/hknutzen/Netspoc/go/pkg/pass1/cut-netspoc.go:388.3,390.22 3 1
github.com/hknutzen/Netspoc/go/pkg/pass1/cut-netspoc.go:393.3,394.53 2 1
github.com/hknutzen/Netspoc/go/pkg/pass1/cut-netspoc.go:397.3,397.21 1 1
github.com/hknutzen/Netspoc/go/pkg/pass1/cut-netspoc.go:385.16,386.12 1 1
github.com/hknutzen/Netspoc/go/pkg/pass1/cut-netspoc.go:390.22,391.12 1 1
github.com/hknutzen/Netspoc/go/pkg/pass1/cut-netspoc.go:394.53,396.4 1 1
github.com/hknutzen/Netspoc/go/pkg/pass1/cut-netspoc.go:400.36,401.17 1 1
github.com/hknutzen/Netspoc/go/pkg/pass1/cut-netspoc.go:401.17,402.31 1 1
github.com/hknutzen/Netspoc/go/pkg/pass1/cut-netspoc.go:402.31,405.5 2 1
github.com/hknutzen/Netspoc/go/pkg/pass1/cut-netspoc.go:410.31,412.16 2 1
github.com/hknutzen/Netspoc/go/pkg/pass1/cut-netspoc.go:412.16,415.4 2 1
github.com/hknutzen/Netspoc/go/pkg/pass1/cut-netspoc.go:419.31,420.20 1 1
github.com/hknutzen/Netspoc/go/pkg/pass1/cut-netspoc.go:423.3,423.35 1 1
github.com/hknutzen/Netspoc/go/pkg/pass1/cut-netspoc.go:420.20,421.12 1 1
github.com/hknutzen/Netspoc/go/pkg/pass1/cut-netspoc.go:423.35,426.69 2 1
github.com/hknutzen/Netspoc/go/pkg/pass1/cut-netspoc.go:426.69,429.5 1 1
github.com/hknutzen/Netspoc/go/pkg/pass1/cut-netspoc.go:435.34,436.16 1 1
github.com/hknutzen/Netspoc/go/pkg/pass1/cut-netspoc.go:439.3,439.40 1 1
github.com/hknutzen/Netspoc/go/pkg/pass1/cut-netspoc.go:436.16,437.12 1 1
github.com/hknutzen/Netspoc/go/pkg/pass1/cut-netspoc.go:439.40,442.4 2 1
github.com/hknutzen/Netspoc/go/pkg/pass1/cut-netspoc.go:442.9,447.30 2 1
github.com/hknutzen/Netspoc/go/pkg/pass1/cut-netspoc.go:455.4,455.13 1 1
github.com/hknutzen/Netspoc/go/pkg/pass1/cut-netspoc.go:461.4,461.64 1 1
github.com/hknutzen/Netspoc/go/pkg/pass1/cut-netspoc.go:447.30,448.34 1 1
github.com/hknutzen/Netspoc/go/pkg/pass1/cut-netspoc.go:448.34,449.18 1 1
github.com/hknutzen/Netspoc/go/pkg/pass1/cut-netspoc.go:449.18,451.17 2 1
github.com/hknutzen/Netspoc/go/pkg/pass1/cut-netspoc.go:455.13,458.13 3 1
github.com/hknutzen/Netspoc/go/pkg/pass1/cut-netspoc.go:461.64,462.20 1 1
github.com/hknutzen/Netspoc/go/pkg/pass1/cut-netspoc.go:465.5,467.24 3 1
github.com/hknutzen/Netspoc/go/pkg/pass1/cut-netspoc.go:462.20,463.14 1 1
github.com/hknutzen/Netspoc/go/pkg/pass1/cut-netspoc.go:473.34,474.16 1 1
github.com/hknutzen/Netspoc/go/pkg/pass1/cut-netspoc.go:477.3,484.7 3 1
github.com/hknutzen/Netspoc/go/pkg/pass1/cut-netspoc.go:474.16,475.12 1 1
github.com/hknutzen/Netspoc/go/pkg/pass1/cut-netspoc.go:484.7,486.17 2 1
github.com/hknutzen/Netspoc/go/pkg/pass1/cut-netspoc.go:489.4,489.22 1 1
github.com/hknutzen/Netspoc/go/pkg/pass1/cut-netspoc.go:514.4,514.37 1 1
github.com/hknutzen/Netspoc/go/pkg/pass1/cut-netspoc.go:519.4,519.17 1 1
github.com/hknutzen/Netspoc/go/pkg/pass1/cut-netspoc.go:486.17,487.10 1 1
github.com/hknutzen/Netspoc/go/pkg/pass1/cut-netspoc.go:489.22,490.25 1 1
github.com/hknutzen/Netspoc/go/pkg/pass1/cut-netspoc.go:493.5,496.21 2 1
github.com/hknutzen/Netspoc/go/pkg/pass1/cut-netspoc.go:490.25,491.14 1 1
github.com/hknutzen/Netspoc/go/pkg/pass1/cut-netspoc.go:496.21,498.38 2 1
github.com/hknutzen/Netspoc/go/pkg/pass1/cut-netspoc.go:504.6,504.16 1 1
github.com/hknutzen/Netspoc/go/pkg/pass1/cut-netspoc.go:498.38,499.19 1 1
github.com/hknutzen/Netspoc/go/pkg/pass1/cut-netspoc.go:499.19,501.13 2 1
github.com/hknutzen/Netspoc/go/pkg/pass1/cut-netspoc.go:504.16,505.15 1 1
github.com/hknutzen/Netspoc/go/pkg/pass1/cut-netspoc.go:508.10,510.22 2 1
github.com/hknutzen/Netspoc/go/pkg/pass1/cut-netspoc.go:510.22,511.14 1 1
github.com/hknutzen/Netspoc/go/pkg/pass1/cut-netspoc.go:514.37,518.5 2 1
github.com/hknutzen/Netspoc/go/pkg/pass1/cut-netspoc.go:534.46,535.31 1 1
github.com/hknutzen/Netspoc/go/pkg/pass1/cut-netspoc.go:535.31,538.4 2 1
github.com/hknutzen/Netspoc/go/pkg/pass1/cut-netspoc.go:543.32,546.3 2 1
github.com/hknutzen/Netspoc/go/pkg/pass1/cut-netspoc.go:549.34,550.16 1 1
github.com/hknutzen/Netspoc/go/pkg/pass1/cut-netspoc.go:553.3,553.28 1 1
github.com/hknutzen/Netspoc/go/pkg/pass1/cut-netspoc.go:556.3,556.35 1 1
github.com/hknutzen/Netspoc/go/pkg/pass1/cut-netspoc.go:550.16,551.12 1 1
github.com/hknutzen/Netspoc/go/pkg/pass1/cut-netspoc.go:553.28,554.12 1 1
github.com/hknutzen/Netspoc/go/pkg/pass1/cut-netspoc.go:556.35,557.30 1 1
github.com/hknutzen/Netspoc/go/pkg/pass1/cut-netspoc.go:560.4,563.42 4 1
github.com/hknutzen/Netspoc/go/pkg/pass1/cut-netspoc.go:557.30,558.13 1 1
github.com/hknutzen/Netspoc/go/pkg/pass1/cut-netspoc.go:563.42,564.69 1 1
github.com/hknutzen/Netspoc/go/pkg/pass1/cut-netspoc.go:564.69,566.6 1 1
github.com/hknutzen/Netspoc/go/pkg/pass1/cut-netspoc.go:566.11,566.39 1 1
github.com/hknutzen/Netspoc/go/pkg/pass1/cut-netspoc.go:566.39,569.6 2 1
github.com/hknutzen/Netspoc/go/pkg/pass1/cut-netspoc.go:574.27,577.35 1 1
github.com/hknutzen/Netspoc/go/pkg/pass1/cut-netspoc.go:588.3,588.16 1 1
github.com/hknutzen/Netspoc/go/pkg/pass1/cut-netspoc.go:593.3,593.35 1 1
github.com/hknutzen/Netspoc/go/pkg/pass1/cut-netspoc.go:602.3,602.35 1 1
github.com/hknutzen/Netspoc/go/pkg/pass1/cut-netspoc.go:577.35,579.21 2 1
github.com/hknutzen/Netspoc/go/pkg/pass1/cut-netspoc.go:582.4,582.23 1 1
github.com/hknutzen/Netspoc/go/pkg/pass1/cut-netspoc.go:579.21,580.13 1 1
github.com/hknutzen/Netspoc/go/pkg/pass1/cut-netspoc.go:582.23,585.5 1 1
github.com/hknutzen/Netspoc/go/pkg/pass1/cut-netspoc.go:588.16,590.4 1 1
github.com/hknutzen/Netspoc/go/pkg/pass1/cut-netspoc.go:593.35,595.21 2 1
github.com/hknutzen/Netspoc/go/pkg/pass1/cut-netspoc.go:599.4,599.26 1 1
github.com/hknutzen/Netspoc/go/pkg/pass1/cut-netspoc.go:595.21,596.13 1 1
github.com/hknutzen/Netspoc/go/pkg/pass1/cut-netspoc.go:602.35,603.20 1 1
github.com/hknutzen/Netspoc/go/pkg/pass1/cut-netspoc.go:608.4,608.31 1 1
github.com/hknutzen/Netspoc/go/pkg/pass1/cut-netspoc.go:603.20,604.13 1 1
github.com/hknutzen/Netspoc/go/pkg/pass1/cut-netspoc.go:608.31,612.5 3 1
github.com/hknutzen/Netspoc/go/pkg/pass1/cut-netspoc.go:615.33,617.3 1 1
github.com/hknutzen/Netspoc/go/pkg/pass1/cut-netspoc.go:623.27,624.16 1 1
github.com/hknutzen/Netspoc/go/pkg/pass1/cut-netspoc.go:627.3,627.35 1 1
github.com/hknutzen/Netspoc/go/pkg/pass1/cut-netspoc.go:624.16,626.4 1 1
github.com/hknutzen/Netspoc/go/pkg/pass1/cut-netspoc.go:627.35,628.20 1 1
github.com/hknutzen/Netspoc/go/pkg/pass1/cut-netspoc.go:633.4,633.42 1 1
github.com/hknutzen/Netspoc/go/pkg/pass1/cut-netspoc.go:636.4,636.42 1 1
github.com/hknutzen/Netspoc/go/pkg/pass1/cut-netspoc.go:642.4,642.36 1 1
github.com/hknutzen/Netspoc/go/pkg/pass1/cut-netspoc.go:651.4,651.19 1 1
github.com/hknutzen/Netspoc/go/pkg/pass1/cut-netspoc.go:628.20,629.13 1 1
github.com/hknutzen/Netspoc/go/pkg/pass1/cut-netspoc.go:633.42,635.5 1 1
github.com/hknutzen/Netspoc/go/pkg/pass1/cut-netspoc.go:636.42,638.5 1 1
github.com/hknutzen/Netspoc/go/pkg/pass1/cut-netspoc.go:642.36,647.5 4 1
github.com/hknutzen/Netspoc/go/pkg/pass1/cut-netspoc.go:651.19,653.5 1 1
github.com/hknutzen/Netspoc/go/pkg/pass1/cut-netspoc.go:656.33,658.3 1 1
github.com/hknutzen/Netspoc/go/pkg/pass1/cut-netspoc.go:662.30,663.28 1 1
github.com/hknutzen/Netspoc/go/pkg/pass1/cut-netspoc.go:663.28,665.4 1 1
github.com/hknutzen/Netspoc/go/pkg/pass1/cut-netspoc.go:667.34,668.15 1 1
github.com/hknutzen/Netspoc/go/pkg/pass1/cut-netspoc.go:668.15,672.4 2 1
github.com/hknutzen/Netspoc/go/pkg/pass1/cut-netspoc.go:674.35,675.15 1 1
github.com/hknutzen/Netspoc/go/pkg/pass1/cut-netspoc.go:675.15,677.4 1 1
github.com/hknutzen/Netspoc/go/pkg/pass1/cut-netspoc.go:679.38,680.15 1 1
github.com/hknutzen/Netspoc/go/pkg/pass1/cut-netspoc.go:680.15,682.4 1 1
github.com/hknutzen/Netspoc/go/pkg/pass1/cut-netspoc.go:684.43,685.15 1 1
github.com/hknutzen/Netspoc/go/pkg/pass1/cut-netspoc.go:685.15,687.4 1 1
github.com/hknutzen/Netspoc/go/pkg/pass1/cut-netspoc.go:691.34,692.15 1 1
github.com/hknutzen/Netspoc/go/pkg/pass1/cut-netspoc.go:692.15,696.30 4 1
github.com/hknutzen/Netspoc/go/pkg/pass1/cut-netspoc.go:705.4,705.50 1 1
github.com/hknutzen/Netspoc/go/pkg/pass1/cut-netspoc.go:696.30,697.17 1 1
github.com/hknutzen/Netspoc/go/pkg/pass1/cut-netspoc.go:697.17,701.6 3 1
github.com/hknutzen/Netspoc/go/pkg/pass1/cut-netspoc.go:705.50,707.5 1 1
github.com/hknutzen/Netspoc/go/pkg/pass1/cut-netspoc.go:710.32,711.15 1 1
github.com/hknutzen/Netspoc/go/pkg/pass1/cut-netspoc.go:711.15,713.14 2 1
github.com/hknutzen/Netspoc/go/pkg/pass1/cut-netspoc.go:716.4,718.36 3 1
github.com/hknutzen/Netspoc/go/pkg/pass1/cut-netspoc.go:713.14,715.5 1 1
github.com/hknutzen/Netspoc/go/pkg/pass1/cut-netspoc.go:718.36,719.20 1 1
github.com/hknutzen/Netspoc/go/pkg/pass1/cut-netspoc.go:719.20,727.6 5 1
github.com/hknutzen/Netspoc/go/pkg/pass1/cut-netspoc.go:731.33,733.3 1 1
github.com/hknutzen/Netspoc/go/pkg/pass1/cut-netspoc.go:734.15,735.42 1 1
github.com/hknutzen/Netspoc/go/pkg/pass1/cut-netspoc.go:735.42,737.4 1 1
github.com/hknutzen/Netspoc/go/pkg/pass1/cut-netspoc.go:742.23,748.3 5 1
github.com/hknutzen/Netspoc/go/pkg/pass1/cut-netspoc.go:750.50,751.24 1 1
github.com/hknutzen/Netspoc/go/pkg/pass1/cut-netspoc.go:754.3,754.39 1 1
github.com/hknutzen/Netspoc/go/pkg/pass1/cut-netspoc.go:762.3,763.37 2 1
github.com/hknutzen/Netspoc/go/pkg/pass1/cut-netspoc.go:785.3,785.22 1 1
github.com/hknutzen/Netspoc/go/pkg/pass1/cut-netspoc.go:751.24,753.4 1 1
github.com/hknutzen/Netspoc/go/pkg/pass1/cut-netspoc.go:754.39,755.37 1 1
github.com/hknutzen/Netspoc/go/pkg/pass1/cut-netspoc.go:760.4,760.16 1 1
github.com/hknutzen/Netspoc/go/pkg/pass1/cut-netspoc.go:755.37,756.22 1 1
github.com/hknutzen/Netspoc/go/pkg/pass1/cut-netspoc.go:756.22,758.6 1 1
github.com/hknutzen/Netspoc/go/pkg/pass1/cut-netspoc.go:763.37,764.25 1 1
github.com/hknutzen/Netspoc/go/pkg/pass1/cut-netspoc.go:764.25,765.27 1 1
github.com/hknutzen/Netspoc/go/pkg/pass1/cut-netspoc.go:766.24,767.47 1 1
github.com/hknutzen/Netspoc/go/pkg/pass1/cut-netspoc.go:770.26,771.27 1 1
github.com/hknutzen/Netspoc/go/pkg/pass1/cut-netspoc.go:772.23,773.27 1 1
github.com/hknutzen/Netspoc/go/pkg/pass1/cut-netspoc.go:774.24,775.27 1 1
github.com/hknutzen/Netspoc/go/pkg/pass1/cut-netspoc.go:776.28,777.27 1 1
github.com/hknutzen/Netspoc/go/pkg/pass1/cut-netspoc.go:778.26,781.23 3 1
github.com/hknutzen/Netspoc/go/pkg/pass1/cut-netspoc.go:767.47,769.7 1 1
github.com/hknutzen/Netspoc/go/pkg/pass1/cut-netspoc.go:791.40,794.33 3 1
github.com/hknutzen/Netspoc/go/pkg/pass1/cut-netspoc.go:806.3,806.17 1 1
github.com/hknutzen/Netspoc/go/pkg/pass1/cut-netspoc.go:809.3,814.33 6 1
github.com/hknutzen/Netspoc/go/pkg/pass1/cut-netspoc.go:794.33,795.19 1 1
github.com/hknutzen/Netspoc/go/pkg/pass1/cut-netspoc.go:795.19,800.56 5 1
github.com/hknutzen/Netspoc/go/pkg/pass1/cut-netspoc.go:803.5,803.21 1 1
github.com/hknutzen/Netspoc/go/pkg/pass1/cut-netspoc.go:800.56,802.6 1 1
github.com/hknutzen/Netspoc/go/pkg/pass1/cut-netspoc.go:806.17,807.12 1 1
github.com/hknutzen/Netspoc/go/pkg/pass1/cut-netspoc.go:817.45,818.17 1 1
github.com/hknutzen/Netspoc/go/pkg/pass1/cut-netspoc.go:818.17,820.4 1 1
github.com/hknutzen/Netspoc/go/pkg/pass1/cut-netspoc.go:823.38,826.29 3 1
github.com/hknutzen/Netspoc/go/pkg/pass1/cut-netspoc.go:836.3,836.14 1 1
github.com/hknutzen/Netspoc/go/pkg/pass1/cut-netspoc.go:826.29,828.44 2 1
github.com/hknutzen/Netspoc/go/pkg/pass1/cut-netspoc.go:831.4,831.21 1 1
github.com/hknutzen/Netspoc/go/pkg/pass1/cut-netspoc.go:828.44,830.5 1 1
github.com/hknutzen/Netspoc/go/pkg/pass1/cut-netspoc.go:831.21,834.5 2 1
github.com/hknutzen/Netspoc/go/pkg/pass1/cut-netspoc.go:839.42,842.34 3 1
github.com/hknutzen/Netspoc/go/pkg/pass1/cut-netspoc.go:872.3,872.19 1 1
github.com/hknutzen/Netspoc/go/pkg/pass1/cut-netspoc.go:842.34,843.47 1 1
github.com/hknutzen/Netspoc/go/pkg/pass1/cut-netspoc.go:843.47,847.33 4 1
github.com/hknutzen/Netspoc/go/pkg/pass1/cut-netspoc.go:869.5,869.34 1 1
github.com/hknutzen/Netspoc/go/pkg/pass1/cut-netspoc.go:847.33,850.21 3 1
github.com/hknutzen/Netspoc/go/pkg/pass1/cut-netspoc.go:863.6,863.31 1 1
github.com/hknutzen/Netspoc/go/pkg/pass1/cut-netspoc.go:851.22,853.21 2 1
github.com/hknutzen/Netspoc/go/pkg/pass1/cut-netspoc.go:854.28,856.21 2 1
github.com/hknutzen/Netspoc/go/pkg/pass1/cut-netspoc.go:857.19,858.21 1 1
github.com/hknutzen/Netspoc/go/pkg/pass1/cut-netspoc.go:858.21,861.8 2 1
github.com/hknutzen/Netspoc/go/pkg/pass1/cut-netspoc.go:863.31,867.7 3 1
github.com/hknutzen/Netspoc/go/pkg/pass1/cut-netspoc.go:881.31,884.63 3 1
github.com/hknutzen/Netspoc/go/pkg/pass1/cut-netspoc.go:887.3,887.22 1 1
github.com/hknutzen/Netspoc/go/pkg/pass1/cut-netspoc.go:890.3,891.26 2 1
github.com/hknutzen/Netspoc/go/pkg/pass1/cut-netspoc.go:927.3,927.31 1 1
github.com/hknutzen/Netspoc/go/pkg/pass1/cut-netspoc.go:884.63,886.4 1 1
github.com/hknutzen/Netspoc/go/pkg/pass1/cut-netspoc.go:887.22,888.12 1 1
github.com/hknutzen/Netspoc/go/pkg/pass1/cut-netspoc.go:892.21,894.18 2 1
github.com/hknutzen/Netspoc/go/pkg/pass1/cut-netspoc.go:895.20,898.23 3 1
github.com/hknutzen/Netspoc/go/pkg/pass1/cut-netspoc.go:899.18,903.18 3 1
github.com/hknutzen/Netspoc/go/pkg/pass1/cut-netspoc.go:906.23,907.20 1 1
github.com/hknutzen/Netspoc/go/pkg/pass1/cut-netspoc.go:910.21,911.15 1 1
github.com/hknutzen/Netspoc/go/pkg/pass1/cut-netspoc.go:917.21,918.18 1 1
github.com/hknutzen/Netspoc/go/pkg/pass1/cut-netspoc.go:921.4,922.30 2 1
github.com/hknutzen/Netspoc/go/pkg/pass1/cut-netspoc.go:903.18,905.5 1 1
github.com/hknutzen/Netspoc/go/pkg/pass1/cut-netspoc.go:907.20,909.5 1 1
github.com/hknutzen/Netspoc/go/pkg/pass1/cut-netspoc.go:912.17,913.32 1 1
github.com/hknutzen/Netspoc/go/pkg/pass1/cut-netspoc.go:914.27,915.42 1 1
github.com/hknutzen/Netspoc/go/pkg/pass1/cut-netspoc.go:918.18,920.5 1 1
github.com/hknutzen/Netspoc/go/pkg/pass1/cut-netspoc.go:922.30,925.5 2 1
github.com/hknutzen/Netspoc/go/pkg/pass1/cut-netspoc.go:935.27,939.20 2 1
github.com/hknutzen/Netspoc/go/pkg/pass1/cut-netspoc.go:946.2,949.46 4 1
github.com/hknutzen/Netspoc/go/pkg/pass1/cut-netspoc.go:959.2,960.20 2 1
github.com/hknutzen/Netspoc/go/pkg/pass1/cut-netspoc.go:964.2,978.36 7 1
github.com/hknutzen/Netspoc/go/pkg/pass1/cut-netspoc.go:939.20,943.3 2 1
github.com/hknutzen/Netspoc/go/pkg/pass1/cut-netspoc.go:949.46,950.27 1 1
github.com/hknutzen/Netspoc/go/pkg/pass1/cut-netspoc.go:953.3,955.11 3 1
github.com/hknutzen/Netspoc/go/pkg/pass1/cut-netspoc.go:950.27,952.4 1 1
github.com/hknutzen/Netspoc/go/pkg/pass1/cut-netspoc.go:960.20,963.3 2 1
github.com/hknutzen/Netspoc/go/pkg/pass1/cut-netspoc.go:978.36,980.3 1 1
github.com/hknutzen/Netspoc/go/pkg/pass1/get-aggregates.go:13.47,20.18 3 1
github.com/hknutzen/Netspoc/go/pkg/pass1/get-aggregates.go:25.2,25.25 1 1
github.com/hknutzen/Netspoc/go/pkg/pass1/get-aggregates.go:20.18,22.3 1 1
github.com/hknutzen/Netspoc/go/pkg/pass1/get-aggregates.go:36.47,44.39 4 1
github.com/hknutzen/Netspoc/go/pkg/pass1/get-aggregates.go:47.2,47.39 1 1
github.com/hknutzen/Netspoc/go/pkg/pass1/get-aggregates.go:53.2,53.25 1 1
github.com/hknutzen/Netspoc/go/pkg/pass1/get-aggregates.go:56.2,57.32 2 1
github.com/hknutzen/Netspoc/go/pkg/pass1/get-aggregates.go:63.2,63.31 1 1
github.com/hknutzen/Netspoc/go/pkg/pass1/get-aggregates.go:69.2,69.30 1 1
github.com/hknutzen/Netspoc/go/pkg/pass1/get-aggregates.go:96.2,97.30 2 1
github.com/hknutzen/Netspoc/go/pkg/pass1/get-aggregates.go:102.2,102.41 1 1
github.com/hknutzen/Netspoc/go/pkg/pass1/get-aggregates.go:105.2,105.29 1 1
github.com/hknutzen/Netspoc/go/pkg/pass1/get-aggregates.go:114.2,114.36 1 1
github.com/hknutzen/Netspoc/go/pkg/pass1/get-aggregates.go:44.39,46.3 1 1
github.com/hknutzen/Netspoc/go/pkg/pass1/get-aggregates.go:47.39,48.54 1 1
github.com/hknutzen/Netspoc/go/pkg/pass1/get-aggregates.go:51.3,51.37 1 1
github.com/hknutzen/Netspoc/go/pkg/pass1/get-aggregates.go:48.54,50.4 1 1
github.com/hknutzen/Netspoc/go/pkg/pass1/get-aggregates.go:53.25,55.3 1 1
github.com/hknutzen/Netspoc/go/pkg/pass1/get-aggregates.go:57.32,58.32 1 1
github.com/hknutzen/Netspoc/go/pkg/pass1/get-aggregates.go:58.32,61.4 2 1
github.com/hknutzen/Netspoc/go/pkg/pass1/get-aggregates.go:63.31,66.3 2 1
github.com/hknutzen/Netspoc/go/pkg/pass1/get-aggregates.go:69.30,70.31 1 1
github.com/hknutzen/Netspoc/go/pkg/pass1/get-aggregates.go:73.3,73.32 1 1
github.com/hknutzen/Netspoc/go/pkg/pass1/get-aggregates.go:78.3,78.30 1 1
github.com/hknutzen/Netspoc/go/pkg/pass1/get-aggregates.go:83.3,86.22 2 1
github.com/hknutzen/Netspoc/go/pkg/pass1/get-aggregates.go:70.31,71.12 1 1
github.com/hknutzen/Netspoc/go/pkg/pass1/get-aggregates.go:73.32,74.12 1 1
github.com/hknutzen/Netspoc/go/pkg/pass1/get-aggregates.go:78.30,79.30 1 1
github.com/hknutzen/Netspoc/go/pkg/pass1/get-aggregates.go:79.30,80.13 1 1
github.com/hknutzen/Netspoc/go/pkg/pass1/get-aggregates.go:86.22,88.4 1 1
github.com/hknutzen/Netspoc/go/pkg/pass1/get-aggregates.go:88.9,90.4 1 1
github.com/hknutzen/Netspoc/go/pkg/pass1/get-aggregates.go:97.30,98.30 1 1
github.com/hknutzen/Netspoc/go/pkg/pass1/get-aggregates.go:98.30,100.4 1 1
github.com/hknutzen/Netspoc/go/pkg/pass1/get-aggregates.go:102.41,104.3 1 1
github.com/hknutzen/Netspoc/go/pkg/pass1/get-aggregates.go:105.29,106.31 1 1
github.com/hknutzen/Netspoc/go/pkg/pass1/get-aggregates.go:106.31,110.9 2 1
github.com/hknutzen/Netspoc/go/pkg/pass1/get-aggregates.go:127.73,129.23 2 1
github.com/hknutzen/Netspoc/go/pkg/pass1/get-aggregates.go:132.2,135.28 2 1
github.com/hknutzen/Netspoc/go/pkg/pass1/get-aggregates.go:129.23,131.3 1 1
github.com/hknutzen/Netspoc/go/pkg/pass1/get-aggregates.go:135.28,136.39 1 1
github.com/hknutzen/Netspoc/go/pkg/pass1/get-aggregates.go:143.3,154.33 8 1
github.com/hknutzen/Netspoc/go/pkg/pass1/get-aggregates.go:163.3,163.15 1 1
github.com/hknutzen/Netspoc/go/pkg/pass1/get-aggregates.go:136.39,137.12 1 1
github.com/hknutzen/Netspoc/go/pkg/pass1/get-aggregates.go:154.33,156.28 2 1
github.com/hknutzen/Netspoc/go/pkg/pass1/get-aggregates.go:159.4,159.18 1 1
github.com/hknutzen/Netspoc/go/pkg/pass1/get-aggregates.go:156.28,158.5 1 1
github.com/hknutzen/Netspoc/go/pkg/pass1/get-aggregates.go:163.15,165.4 1 1
github.com/hknutzen/Netspoc/go/pkg/pass1/get-aggregates.go:165.9,167.4 1 1
github.com/hknutzen/Netspoc/go/pkg/pass1/get-aggregates.go:172.67,175.38 2 1
github.com/hknutzen/Netspoc/go/pkg/pass1/get-aggregates.go:218.2,220.28 3 1
github.com/hknutzen/Netspoc/go/pkg/pass1/get-aggregates.go:244.2,244.21 1 1
github.com/hknutzen/Netspoc/go/pkg/pass1/get-aggregates.go:257.2,257.15 1 1
github.com/hknutzen/Netspoc/go/pkg/pass1/get-aggregates.go:175.38,183.29 2 1
github.com/hknutzen/Netspoc/go/pkg/pass1/get-aggregates.go:191.3,191.15 1 1
github.com/hknutzen/Netspoc/go/pkg/pass1/get-aggregates.go:183.29,184.34 1 1
github.com/hknutzen/Netspoc/go/pkg/pass1/get-aggregates.go:184.34,185.22 1 1
github.com/hknutzen/Netspoc/go/pkg/pass1/get-aggregates.go:185.22,187.19 2 1
github.com/hknutzen/Netspoc/go/pkg/pass1/get-aggregates.go:191.15,198.4 2 1
github.com/hknutzen/Netspoc/go/pkg/pass1/get-aggregates.go:198.9,202.21 2 1
github.com/hknutzen/Netspoc/go/pkg/pass1/get-aggregates.go:207.4,215.44 8 1
github.com/hknutzen/Netspoc/go/pkg/pass1/get-aggregates.go:202.21,206.5 1 1
github.com/hknutzen/Netspoc/go/pkg/pass1/get-aggregates.go:220.28,223.14 3 1
github.com/hknutzen/Netspoc/go/pkg/pass1/get-aggregates.go:223.14,232.22 3 1
github.com/hknutzen/Netspoc/go/pkg/pass1/get-aggregates.go:238.4,238.71 1 1
github.com/hknutzen/Netspoc/go/pkg/pass1/get-aggregates.go:232.22,234.17 2 1
github.com/hknutzen/Netspoc/go/pkg/pass1/get-aggregates.go:234.17,235.11 1 1
github.com/hknutzen/Netspoc/go/pkg/pass1/get-aggregates.go:238.71,240.5 1 1
github.com/hknutzen/Netspoc/go/pkg/pass1/get-aggregates.go:244.21,245.38 1 1
github.com/hknutzen/Netspoc/go/pkg/pass1/get-aggregates.go:245.38,246.19 1 1
github.com/hknutzen/Netspoc/go/pkg/pass1/get-aggregates.go:246.19,248.38 2 1
github.com/hknutzen/Netspoc/go/pkg/pass1/get-aggregates.go:251.5,253.40 1 1
github.com/hknutzen/Netspoc/go/pkg/pass1/get-aggregates.go:248.38,250.6 1 1
github.com/hknutzen/Netspoc/go/pkg/pass2/pan-os.go:17.69,19.42 1 1
github.com/hknutzen/Netspoc/go/pkg/pass2/pan-os.go:26.2,26.34 1 1
github.com/hknutzen/Netspoc/go/pkg/pass2/pan-os.go:29.2,33.37 5 1
github.com/hknutzen/Netspoc/go/pkg/pass2/pan-os.go:66.2,67.43 2 1
github.com/hknutzen/Netspoc/go/pkg/pass2/pan-os.go:77.2,77.23 1 1
github.com/hknutzen/Netspoc/go/pkg/pass2/pan-os.go:106.2,106.27 1 1
github.com/hknutzen/Netspoc/go/pkg/pass2/pan-os.go:127.2,127.31 1 1
github.com/hknutzen/Netspoc/go/pkg/pass2/pan-os.go:148.2,148.26 1 1
github.com/hknutzen/Netspoc/go/pkg/pass2/pan-os.go:189.2,196.18 8 1
github.com/hknutzen/Netspoc/go/pkg/pass2/pan-os.go:19.42,20.14 1 1
github.com/hknutzen/Netspoc/go/pkg/pass2/pan-os.go:20.14,22.4 1 1
github.com/hknutzen/Netspoc/go/pkg/pass2/pan-os.go:22.9,24.4 1 1
github.com/hknutzen/Netspoc/go/pkg/pass2/pan-os.go:26.34,28.3 1 1
github.com/hknutzen/Netspoc/go/pkg/pass2/pan-os.go:33.37,35.26 1 1
github.com/hknutzen/Netspoc/go/pkg/pass2/pan-os.go:48.3,48.18 1 1
github.com/hknutzen/Netspoc/go/pkg/pass2/pan-os.go:51.3,51.33 1 1
github.com/hknutzen/Netspoc/go/pkg/pass2/pan-os.go:54.3,55.21 2 1
github.com/hknutzen/Netspoc/go/pkg/pass2/pan-os.go:60.3,60.22 1 1
github.com/hknutzen/Netspoc/go/pkg/pass2/pan-os.go:64.3,64.22 1 1
github.com/hknutzen/Netspoc/go/pkg/pass2/pan-os.go:35.26,38.20 3 1
github.com/hknutzen/Netspoc/go/pkg/pass2/pan-os.go:42.4,43.33 2 1
github.com/hknutzen/Netspoc/go/pkg/pass2/pan-os.go:46.4,46.17 1 1
github.com/hknutzen/Netspoc/go/pkg/pass2/pan-os.go:38.20,41.5 2 1
github.com/hknutzen/Netspoc/go/pkg/pass2/pan-os.go:43.33,45.5 1 1
github.com/hknutzen/Netspoc/go/pkg/pass2/pan-os.go:48.18,50.4 1 1
github.com/hknutzen/Netspoc/go/pkg/pass2/pan-os.go:51.33,53.4 1 1
github.com/hknutzen/Netspoc/go/pkg/pass2/pan-os.go:55.21,57.4 1 1
github.com/hknutzen/Netspoc/go/pkg/pass2/pan-os.go:57.9,59.4 1 1
github.com/hknutzen/Netspoc/go/pkg/pass2/pan-os.go:60.22,63.4 2 1
github.com/hknutzen/Netspoc/go/pkg/pass2/pan-os.go:67.43,70.20 3 1
github.com/hknutzen/Netspoc/go/pkg/pass2/pan-os.go:73.3,75.22 3 1
github.com/hknutzen/Netspoc/go/pkg/pass2/pan-os.go:70.20,72.4 1 1
github.com/hknutzen/Netspoc/go/pkg/pass2/pan-os.go:77.23,79.25 2 1
github.com/hknutzen/Netspoc/go/pkg/pass2/pan-os.go:104.3,104.53 1 1
github.com/hknutzen/Netspoc/go/pkg/pass2/pan-os.go:79.25,83.35 4 1
github.com/hknutzen/Netspoc/go/pkg/pass2/pan-os.go:83.35,102.5 5 1
github.com/hknutzen/Netspoc/go/pkg/pass2/pan-os.go:106.27,107.24 1 1
github.com/hknutzen/Netspoc/go/pkg/pass2/pan-os.go:110.3,111.26 2 1
github.com/hknutzen/Netspoc/go/pkg/pass2/pan-os.go:114.3,114.37 1 1
github.com/hknutzen/Netspoc/go/pkg/pass2/pan-os.go:117.3,118.23 2 1
github.com/hknutzen/Netspoc/go/pkg/pass2/pan-os.go:125.3,125.33 1 1
github.com/hknutzen/Netspoc/go/pkg/pass2/pan-os.go:107.24,109.4 1 1
github.com/hknutzen/Netspoc/go/pkg/pass2/pan-os.go:111.26,113.4 1 1
github.com/hknutzen/Netspoc/go/pkg/pass2/pan-os.go:114.37,116.4 1 1
github.com/hknutzen/Netspoc/go/pkg/pass2/pan-os.go:118.23,124.4 4 1
github.com/hknutzen/Netspoc/go/pkg/pass2/pan-os.go:127.31,128.29 1 1
github.com/hknutzen/Netspoc/go/pkg/pass2/pan-os.go:131.3,132.31 2 1
github.com/hknutzen/Netspoc/go/pkg/pass2/pan-os.go:135.3,135.37 1 1
github.com/hknutzen/Netspoc/go/pkg/pass2/pan-os.go:138.3,139.23 2 1
github.com/hknutzen/Netspoc/go/pkg/pass2/pan-os.go:146.3,146.39 1 1
github.com/hknutzen/Netspoc/go/pkg/pass2/pan-os.go:128.29,130.4 1 1
github.com/hknutzen/Netspoc/go/pkg/pass2/pan-os.go:132.31,134.4 1 1
github.com/hknutzen/Netspoc/go/pkg/pass2/pan-os.go:135.37,137.4 1 1
github.com/hknutzen/Netspoc/go/pkg/pass2/pan-os.go:139.23,141.33 2 1
github.com/hknutzen/Netspoc/go/pkg/pass2/pan-os.go:144.4,144.41 1 1
github.com/hknutzen/Netspoc/go/pkg/pass2/pan-os.go:141.33,143.5 1 1
github.com/hknutzen/Netspoc/go/pkg/pass2/pan-os.go:148.26,149.25 1 1
github.com/hknutzen/Netspoc/go/pkg/pass2/pan-os.go:152.3,153.30 2 1
github.com/hknutzen/Netspoc/go/pkg/pass2/pan-os.go:156.3,156.37 1 1
github.com/hknutzen/Netspoc/go/pkg/pass2/pan-os.go:163.3,164.23 2 1
github.com/hknutzen/Netspoc/go/pkg/pass2/pan-os.go:187.3,187.33 1 1
github.com/hknutzen/Netspoc/go/pkg/pass2/pan-os.go:149.25,151.4 1 1
github.com/hknutzen/Netspoc/go/pkg/pass2/pan-os.go:153.30,155.4 1 1
github.com/hknutzen/Netspoc/go/pkg/pass2/pan-os.go:156.37,162.4 1 1
github.com/hknutzen/Netspoc/go/pkg/pass2/pan-os.go:164.23,168.17 4 1
github.com/hknutzen/Netspoc/go/pkg/pass2/pan-os.go:183.4,185.27 2 1
github.com/hknutzen/Netspoc/go/pkg/pass2/pan-os.go:169.22,171.31 2 1
github.com/hknutzen/Netspoc/go/pkg/pass2/pan-os.go:176.5,177.39 1 1
github.com/hknutzen/Netspoc/go/pkg/pass2/pan-os.go:178.12,180.44 1 1
github.com/hknutzen/Netspoc/go/pkg/pass2/pan-os.go:171.31,173.6 1 1
github.com/hknutzen/Netspoc/go/pkg/pass2/pan-os.go:173.11,175.6 1 1
github.com/hknutzen/Netspoc/go/pkg/pass2/pan-os.go:199.79,204.31 2 1
github.com/hknutzen/Netspoc/go/pkg/pass2/pan-os.go:212.2,213.38 2 1
github.com/hknutzen/Netspoc/go/pkg/pass2/pan-os.go:225.2,225.30 1 1
github.com/hknutzen/Netspoc/go/pkg/pass2/pan-os.go:204.31,205.26 1 1
github.com/hknutzen/Netspoc/go/pkg/pass2/pan-os.go:205.26,208.4 2 1
[...]
github.com/hknutzen/Netspoc/go/pkg/pass1/print-code.go:1745.11,1747.6 1 1
github.com/hknutzen/Netspoc/go/pkg/pass1/print-code.go:1750.9,1753.32 2 1
github.com/hknutzen/Netspoc/go/pkg/pass1/print-code.go:1756.4,1757.45 2 1
github.com/hknutzen/Netspoc/go/pkg/pass1/print-code.go:1766.4,1766.53 1 1
github.com/hknutzen/Netspoc/go/pkg/pass1/print-code.go:1769.4,1770.27 2 1
github.com/hknutzen/Netspoc/go/pkg/pass1/print-code.go:1773.4,1773.71 1 1
github.com/hknutzen/Netspoc/go/pkg/pass1/print-code.go:1753.32,1755.5 1 1
github.com/hknutzen/Netspoc/go/pkg/pass1/print-code.go:1757.45,1759.5 1 1
github.com/hknutzen/Netspoc/go/pkg/pass1/print-code.go:1759.10,1761.28 2 1
github.com/hknutzen/Netspoc/go/pkg/pass1/print-code.go:1764.5,1764.21 1 1
github.com/hknutzen/Netspoc/go/pkg/pass1/print-code.go:1761.28,1763.6 1 1
github.com/hknutzen/Netspoc/go/pkg/pass1/print-code.go:1766.53,1768.5 1 1
github.com/hknutzen/Netspoc/go/pkg/pass1/print-code.go:1770.27,1772.5 1 1
github.com/hknutzen/Netspoc/go/pkg/pass1/print-code.go:1777.32,1783.38 3 1
github.com/hknutzen/Netspoc/go/pkg/pass1/print-code.go:1796.3,1801.20 3 1
github.com/hknutzen/Netspoc/go/pkg/pass1/print-code.go:1805.3,1805.21 1 1
github.com/hknutzen/Netspoc/go/pkg/pass1/print-code.go:1811.3,1811.21 1 1
github.com/hknutzen/Netspoc/go/pkg/pass1/print-code.go:1814.3,1814.26 1 1
github.com/hknutzen/Netspoc/go/pkg/pass1/print-code.go:1783.38,1784.31 1 1
github.com/hknutzen/Netspoc/go/pkg/pass1/print-code.go:1787.4,1788.28 2 1
github.com/hknutzen/Netspoc/go/pkg/pass1/print-code.go:1793.4,1793.24 1 1
github.com/hknutzen/Netspoc/go/pkg/pass1/print-code.go:1784.31,1785.13 1 1
github.com/hknutzen/Netspoc/go/pkg/pass1/print-code.go:1788.28,1790.5 1 1
github.com/hknutzen/Netspoc/go/pkg/pass1/print-code.go:1790.10,1792.5 1 1
github.com/hknutzen/Netspoc/go/pkg/pass1/print-code.go:1801.20,1804.4 1 1
github.com/hknutzen/Netspoc/go/pkg/pass1/print-code.go:1805.21,1808.4 1 1
github.com/hknutzen/Netspoc/go/pkg/pass1/print-code.go:1811.21,1812.12 1 1
github.com/hknutzen/Netspoc/go/pkg/pass1/print-code.go:1814.26,1816.4 1 1
github.com/hknutzen/Netspoc/go/pkg/pass1/print-code.go:1816.9,1816.33 1 1
github.com/hknutzen/Netspoc/go/pkg/pass1/print-code.go:1816.33,1818.4 1 1
github.com/hknutzen/Netspoc/go/pkg/pass1/print-code.go:1822.46,1824.28 2 1
github.com/hknutzen/Netspoc/go/pkg/pass1/print-code.go:1827.2,1830.32 4 1
github.com/hknutzen/Netspoc/go/pkg/pass1/print-code.go:1895.2,1895.18 1 1
github.com/hknutzen/Netspoc/go/pkg/pass1/print-code.go:1824.28,1826.3 1 1
github.com/hknutzen/Netspoc/go/pkg/pass1/print-code.go:1830.32,1836.38 4 1
github.com/hknutzen/Netspoc/go/pkg/pass1/print-code.go:1873.3,1873.30 1 1
github.com/hknutzen/Netspoc/go/pkg/pass1/print-code.go:1884.3,1884.49 1 1
github.com/hknutzen/Netspoc/go/pkg/pass1/print-code.go:1888.3,1891.30 3 1
github.com/hknutzen/Netspoc/go/pkg/pass1/print-code.go:1836.38,1838.22 2 1
github.com/hknutzen/Netspoc/go/pkg/pass1/print-code.go:1841.4,1841.23 1 1
github.com/hknutzen/Netspoc/go/pkg/pass1/print-code.go:1868.4,1869.33 2 1
github.com/hknutzen/Netspoc/go/pkg/pass1/print-code.go:1838.22,1839.13 1 1
github.com/hknutzen/Netspoc/go/pkg/pass1/print-code.go:1842.18,1843.18 1 1
github.com/hknutzen/Netspoc/go/pkg/pass1/print-code.go:1844.22,1845.32 1 1
github.com/hknutzen/Netspoc/go/pkg/pass1/print-code.go:1846.22,1847.38 1 1
github.com/hknutzen/Netspoc/go/pkg/pass1/print-code.go:1848.12,1849.32 1 1
github.com/hknutzen/Netspoc/go/pkg/pass1/print-code.go:1864.5,1864.18 1 1
github.com/hknutzen/Netspoc/go/pkg/pass1/print-code.go:1849.32,1850.14 1 1
github.com/hknutzen/Netspoc/go/pkg/pass1/print-code.go:1855.6,1858.16 1 1
github.com/hknutzen/Netspoc/go/pkg/pass1/print-code.go:1850.14,1852.7 1 1
github.com/hknutzen/Netspoc/go/pkg/pass1/print-code.go:1852.12,1854.7 1 1
github.com/hknutzen/Netspoc/go/pkg/pass1/print-code.go:1859.11,1863.6 3 1
github.com/hknutzen/Netspoc/go/pkg/pass1/print-code.go:1864.18,1866.6 1 1
github.com/hknutzen/Netspoc/go/pkg/pass1/print-code.go:1869.33,1871.5 1 1
github.com/hknutzen/Netspoc/go/pkg/pass1/print-code.go:1873.30,1874.24 1 1
github.com/hknutzen/Netspoc/go/pkg/pass1/print-code.go:1874.24,1876.5 1 1
github.com/hknutzen/Netspoc/go/pkg/pass1/print-code.go:1876.10,1878.5 1 1
github.com/hknutzen/Netspoc/go/pkg/pass1/print-code.go:1884.49,1886.4 1 1
github.com/hknutzen/Netspoc/go/pkg/pass1/print-code.go:1891.30,1893.4 1 1
github.com/hknutzen/Netspoc/go/pkg/pass1/print-code.go:1898.44,1899.20 1 1
github.com/hknutzen/Netspoc/go/pkg/pass1/print-code.go:1902.2,1902.19 1 1
github.com/hknutzen/Netspoc/go/pkg/pass1/print-code.go:1899.20,1901.3 1 1
github.com/hknutzen/Netspoc/go/pkg/pass1/print-code.go:1906.48,1908.2 1 1
github.com/hknutzen/Netspoc/go/pkg/pass1/print-code.go:1912.46,1919.14 2 1
github.com/hknutzen/Netspoc/go/pkg/pass1/print-code.go:1922.2,1922.20 1 1
github.com/hknutzen/Netspoc/go/pkg/pass1/print-code.go:1925.2,1925.33 1 1
github.com/hknutzen/Netspoc/go/pkg/pass1/print-code.go:1930.2,1930.10 1 1
github.com/hknutzen/Netspoc/go/pkg/pass1/print-code.go:1919.14,1921.3 1 1
github.com/hknutzen/Netspoc/go/pkg/pass1/print-code.go:1922.20,1924.3 1 1
github.com/hknutzen/Netspoc/go/pkg/pass1/print-code.go:1925.33,1926.21 1 1
github.com/hknutzen/Netspoc/go/pkg/pass1/print-code.go:1926.21,1928.4 1 1
github.com/hknutzen/Netspoc/go/pkg/pass1/print-code.go:1934.31,1935.29 1 1
github.com/hknutzen/Netspoc/go/pkg/pass1/print-code.go:1939.2,1939.34 1 1
github.com/hknutzen/Netspoc/go/pkg/pass1/print-code.go:1949.2,1949.55 1 1
github.com/hknutzen/Netspoc/go/pkg/pass1/print-code.go:1953.2,1953.48 1 1
github.com/hknutzen/Netspoc/go/pkg/pass1/print-code.go:1962.2,1965.33 3 1
github.com/hknutzen/Netspoc/go/pkg/pass1/print-code.go:1935.29,1937.3 1 1
github.com/hknutzen/Netspoc/go/pkg/pass1/print-code.go:1939.34,1940.55 1 1
github.com/hknutzen/Netspoc/go/pkg/pass1/print-code.go:1943.3,1944.31 2 1
github.com/hknutzen/Netspoc/go/pkg/pass1/print-code.go:1940.55,1941.12 1 1
github.com/hknutzen/Netspoc/go/pkg/pass1/print-code.go:1944.31,1946.4 1 1
github.com/hknutzen/Netspoc/go/pkg/pass1/print-code.go:1949.55,1951.3 1 1
github.com/hknutzen/Netspoc/go/pkg/pass1/print-code.go:1953.48,1954.27 1 1
github.com/hknutzen/Netspoc/go/pkg/pass1/print-code.go:1954.27,1955.51 1 1
github.com/hknutzen/Netspoc/go/pkg/pass1/print-code.go:1955.51,1956.34 1 1
github.com/hknutzen/Netspoc/go/pkg/pass1/print-code.go:1956.34,1958.6 1 1
github.com/hknutzen/Netspoc/go/pkg/pass1/print-code.go:1965.33,1967.37 2 1
github.com/hknutzen/Netspoc/go/pkg/pass1/print-code.go:1967.37,1968.23 1 1
github.com/hknutzen/Netspoc/go/pkg/pass1/print-code.go:1969.15,1971.69 1 1
github.com/hknutzen/Netspoc/go/pkg/pass1/print-code.go:1972.22,1973.40 1 1
github.com/hknutzen/Netspoc/go/pkg/pass1/print-code.go:1980.47,1981.23 1 1
github.com/hknutzen/Netspoc/go/pkg/pass1/print-code.go:1995.2,1995.42 1 1
github.com/hknutzen/Netspoc/go/pkg/pass1/print-code.go:1982.16,1983.23 1 1
github.com/hknutzen/Netspoc/go/pkg/pass1/print-code.go:1986.15,1987.31 1 1
github.com/hknutzen/Netspoc/go/pkg/pass1/print-code.go:1990.19,1991.31 1 1
github.com/hknutzen/Netspoc/go/pkg/pass1/print-code.go:1983.23,1985.4 1 1
github.com/hknutzen/Netspoc/go/pkg/pass1/print-code.go:1987.31,1989.4 1 1
github.com/hknutzen/Netspoc/go/pkg/pass1/print-code.go:1991.31,1993.4 1 1
github.com/hknutzen/Netspoc/go/pkg/pass1/print-code.go:1998.55,2000.22 2 1
github.com/hknutzen/Netspoc/go/pkg/pass1/print-code.go:2003.2,2003.15 1 1
github.com/hknutzen/Netspoc/go/pkg/pass1/print-code.go:2000.22,2002.3 1 1
github.com/hknutzen/Netspoc/go/pkg/pass1/print-code.go:2006.61,2008.31 2 1
github.com/hknutzen/Netspoc/go/pkg/pass1/print-code.go:2235.2,2243.51 4 1
github.com/hknutzen/Netspoc/go/pkg/pass1/print-code.go:2250.2,2250.15 1 1
github.com/hknutzen/Netspoc/go/pkg/pass1/print-code.go:2253.2,2253.27 1 1
github.com/hknutzen/Netspoc/go/pkg/pass1/print-code.go:2008.31,2017.48 8 1
github.com/hknutzen/Netspoc/go/pkg/pass1/print-code.go:2218.3,2220.28 3 1
github.com/hknutzen/Netspoc/go/pkg/pass1/print-code.go:2017.48,2042.45 11 1
github.com/hknutzen/Netspoc/go/pkg/pass1/print-code.go:2054.4,2054.57 1 1
github.com/hknutzen/Netspoc/go/pkg/pass1/print-code.go:2181.4,2197.30 4 1
github.com/hknutzen/Netspoc/go/pkg/pass1/print-code.go:2201.4,2205.33 4 1
github.com/hknutzen/Netspoc/go/pkg/pass1/print-code.go:2209.4,2212.21 3 1
github.com/hknutzen/Netspoc/go/pkg/pass1/print-code.go:2215.4,2215.15 1 1
github.com/hknutzen/Netspoc/go/pkg/pass1/print-code.go:2042.45,2045.38 2 1
github.com/hknutzen/Netspoc/go/pkg/pass1/print-code.go:2045.38,2047.18 2 1
github.com/hknutzen/Netspoc/go/pkg/pass1/print-code.go:2047.18,2050.7 2 1
github.com/hknutzen/Netspoc/go/pkg/pass1/print-code.go:2054.57,2056.32 2 1
github.com/hknutzen/Netspoc/go/pkg/pass1/print-code.go:2179.5,2179.18 1 1
github.com/hknutzen/Netspoc/go/pkg/pass1/print-code.go:2056.32,2063.44 4 1
github.com/hknutzen/Netspoc/go/pkg/pass1/print-code.go:2084.6,2085.42 1 1
github.com/hknutzen/Netspoc/go/pkg/pass1/print-code.go:2164.6,2167.33 4 1
github.com/hknutzen/Netspoc/go/pkg/pass1/print-code.go:2174.6,2175.52 2 1
github.com/hknutzen/Netspoc/go/pkg/pass1/print-code.go:2063.44,2065.56 2 1
github.com/hknutzen/Netspoc/go/pkg/pass1/print-code.go:2081.7,2081.28 1 1
github.com/hknutzen/Netspoc/go/pkg/pass1/print-code.go:2065.56,2066.46 1 1
github.com/hknutzen/Netspoc/go/pkg/pass1/print-code.go:2066.46,2067.27 1 1
github.com/hknutzen/Netspoc/go/pkg/pass1/print-code.go:2078.9,2078.14 1 1
github.com/hknutzen/Netspoc/go/pkg/pass1/print-code.go:2067.27,2069.36 2 1
github.com/hknutzen/Netspoc/go/pkg/pass1/print-code.go:2069.36,2071.11 1 1
github.com/hknutzen/Netspoc/go/pkg/pass1/print-code.go:2071.16,2073.11 1 1
github.com/hknutzen/Netspoc/go/pkg/pass1/print-code.go:2074.15,2076.10 1 1
github.com/hknutzen/Netspoc/go/pkg/pass1/print-code.go:2085.42,2086.49 1 1
github.com/hknutzen/Netspoc/go/pkg/pass1/print-code.go:2161.7,2161.34 1 1
github.com/hknutzen/Netspoc/go/pkg/pass1/print-code.go:2086.49,2088.17 2 1
github.com/hknutzen/Netspoc/go/pkg/pass1/print-code.go:2093.8,2093.36 1 1
github.com/hknutzen/Netspoc/go/pkg/pass1/print-code.go:2088.17,2090.9 1 1
github.com/hknutzen/Netspoc/go/pkg/pass1/print-code.go:2090.14,2092.9 1 1
github.com/hknutzen/Netspoc/go/pkg/pass1/print-code.go:2093.36,2110.19 1 1
github.com/hknutzen/Netspoc/go/pkg/pass1/print-code.go:2118.9,2119.32 2 1
github.com/hknutzen/Netspoc/go/pkg/pass1/print-code.go:2158.9,2158.30 1 1
github.com/hknutzen/Netspoc/go/pkg/pass1/print-code.go:2110.19,2111.40 1 1
github.com/hknutzen/Netspoc/go/pkg/pass1/print-code.go:2111.40,2112.25 1 1
github.com/hknutzen/Netspoc/go/pkg/pass1/print-code.go:2112.25,2113.20 1 1
github.com/hknutzen/Netspoc/go/pkg/pass1/print-code.go:2120.35,2122.32 2 1
github.com/hknutzen/Netspoc/go/pkg/pass1/print-code.go:2125.10,2125.53 1 1
github.com/hknutzen/Netspoc/go/pkg/pass1/print-code.go:2131.10,2132.54 2 1
github.com/hknutzen/Netspoc/go/pkg/pass1/print-code.go:2137.10,2137.36 1 1
github.com/hknutzen/Netspoc/go/pkg/pass1/print-code.go:2142.23,2148.30 1 1
github.com/hknutzen/Netspoc/go/pkg/pass1/print-code.go:2152.10,2153.24 2 1
github.com/hknutzen/Netspoc/go/pkg/pass1/print-code.go:2156.10,2156.21 1 1
github.com/hknutzen/Netspoc/go/pkg/pass1/print-code.go:2122.32,2123.19 1 1
github.com/hknutzen/Netspoc/go/pkg/pass1/print-code.go:2125.53,2126.25 1 1
github.com/hknutzen/Netspoc/go/pkg/pass1/print-code.go:2126.25,2128.20 2 1
github.com/hknutzen/Netspoc/go/pkg/pass1/print-code.go:2132.54,2134.11 1 1
github.com/hknutzen/Netspoc/go/pkg/pass1/print-code.go:2137.36,2138.19 1 1
github.com/hknutzen/Netspoc/go/pkg/pass1/print-code.go:2148.30,2150.19 2 1
github.com/hknutzen/Netspoc/go/pkg/pass1/print-code.go:2153.24,2154.19 1 1
github.com/hknutzen/Netspoc/go/pkg/pass1/print-code.go:2167.33,2168.30 1 1
github.com/hknutzen/Netspoc/go/pkg/pass1/print-code.go:2168.30,2170.8 1 1
github.com/hknutzen/Netspoc/go/pkg/pass1/print-code.go:2170.13,2172.8 1 1
github.com/hknutzen/Netspoc/go/pkg/pass1/print-code.go:2175.52,2177.7 1 1
github.com/hknutzen/Netspoc/go/pkg/pass1/print-code.go:2197.30,2200.5 2 1
github.com/hknutzen/Netspoc/go/pkg/pass1/print-code.go:2205.33,2208.5 2 1
github.com/hknutzen/Netspoc/go/pkg/pass1/print-code.go:2212.21,2214.5 1 1
github.com/hknutzen/Netspoc/go/pkg/pass1/print-code.go:2220.28,2222.39 2 1
github.com/hknutzen/Netspoc/go/pkg/pass1/print-code.go:2231.4,2231.37 1 1
github.com/hknutzen/Netspoc/go/pkg/pass1/print-code.go:2222.39,2230.5 5 1
github.com/hknutzen/Netspoc/go/pkg/pass1/print-code.go:2243.51,2245.32 2 1
github.com/hknutzen/Netspoc/go/pkg/pass1/print-code.go:2248.3,2248.27 1 1
github.com/hknutzen/Netspoc/go/pkg/pass1/print-code.go:2245.32,2247.4 1 1
github.com/hknutzen/Netspoc/go/pkg/pass1/print-code.go:2250.15,2252.3 1 1
github.com/hknutzen/Netspoc/go/pkg/pass1/print-code.go:2258.68,2259.24 1 1
github.com/hknutzen/Netspoc/go/pkg/pass1/print-code.go:2289.2,2290.28 2 1
github.com/hknutzen/Netspoc/go/pkg/pass1/print-code.go:2295.2,2295.12 1 1
github.com/hknutzen/Netspoc/go/pkg/pass1/print-code.go:2259.24,2261.17 2 1
github.com/hknutzen/Netspoc/go/pkg/pass1/print-code.go:2261.17,2263.4 1 1
github.com/hknutzen/Netspoc/go/pkg/pass1/print-code.go:2264.8,2264.32 1 1
github.com/hknutzen/Netspoc/go/pkg/pass1/print-code.go:2264.32,2266.40 2 1
github.com/hknutzen/Netspoc/go/pkg/pass1/print-code.go:2266.40,2267.35 1 1
github.com/hknutzen/Netspoc/go/pkg/pass1/print-code.go:2271.4,2277.18 4 1
github.com/hknutzen/Netspoc/go/pkg/pass1/print-code.go:2280.4,2280.34 1 1
github.com/hknutzen/Netspoc/go/pkg/pass1/print-code.go:2283.4,2284.52 2 1
github.com/hknutzen/Netspoc/go/pkg/pass1/print-code.go:2267.35,2270.5 2 1
github.com/hknutzen/Netspoc/go/pkg/pass1/print-code.go:2277.18,2279.5 1 1
github.com/hknutzen/Netspoc/go/pkg/pass1/print-code.go:2280.34,2282.5 1 1
github.com/hknutzen/Netspoc/go/pkg/pass1/print-code.go:2284.52,2286.5 1 1
github.com/hknutzen/Netspoc/go/pkg/pass1/print-code.go:2290.28,2291.13 1 1
github.com/hknutzen/Netspoc/go/pkg/pass1/print-code.go:2291.13,2293.4 1 1
github.com/hknutzen/Netspoc/go/pkg/pass1/print-code.go:2295.12,2297.27 2 1
github.com/hknutzen/Netspoc/go/pkg/pass1/print-code.go:2297.27,2299.18 2 1
github.com/hknutzen/Netspoc/go/pkg/pass1/print-code.go:2299.18,2301.5 1 1
github.com/hknutzen/Netspoc/go/pkg/pass1/print-code.go:2306.39,2313.37 3 1
github.com/hknutzen/Netspoc/go/pkg/pass1/print-code.go:2322.2,2322.15 1 1
github.com/hknutzen/Netspoc/go/pkg/pass1/print-code.go:2313.37,2314.37 1 1
github.com/hknutzen/Netspoc/go/pkg/pass1/print-code.go:2317.3,2318.40 2 1
github.com/hknutzen/Netspoc/go/pkg/pass1/print-code.go:2314.37,2315.12 1 1
github.com/hknutzen/Netspoc/go/pkg/pass1/print-code.go:2318.40,2320.4 1 1
github.com/hknutzen/Netspoc/go/pkg/pass1/print-code.go:2325.53,2330.50 5 1
github.com/hknutzen/Netspoc/go/pkg/pass1/print-code.go:2334.2,2347.22 3 1
github.com/hknutzen/Netspoc/go/pkg/pass1/print-code.go:2350.2,2350.56 1 1
github.com/hknutzen/Netspoc/go/pkg/pass1/print-code.go:2330.50,2333.3 2 1
github.com/hknutzen/Netspoc/go/pkg/pass1/print-code.go:2347.22,2349.3 1 1
github.com/hknutzen/Netspoc/go/pkg/pass1/print-code.go:2354.58,2357.12 3 1
github.com/hknutzen/Netspoc/go/pkg/pass1/print-code.go:2362.2,2364.16 3 1
github.com/hknutzen/Netspoc/go/pkg/pass1/print-code.go:2367.2,2371.38 3 1
github.com/hknutzen/Netspoc/go/pkg/pass1/print-code.go:2377.2,2378.23 2 1
github.com/hknutzen/Netspoc/go/pkg/pass1/print-code.go:2382.2,2382.30 1 1
github.com/hknutzen/Netspoc/go/pkg/pass1/print-code.go:2429.2,2431.13 3 1
github.com/hknutzen/Netspoc/go/pkg/pass1/print-code.go:2357.12,2359.3 1 1
github.com/hknutzen/Netspoc/go/pkg/pass1/print-code.go:2364.16,2366.3 1 1
github.com/hknutzen/Netspoc/go/pkg/pass1/print-code.go:2371.38,2374.3 2 1
github.com/hknutzen/Netspoc/go/pkg/pass1/print-code.go:2378.23,2380.3 1 1
github.com/hknutzen/Netspoc/go/pkg/pass1/print-code.go:2382.30,2384.38 2 1
github.com/hknutzen/Netspoc/go/pkg/pass1/print-code.go:2384.38,2386.4 1 1
github.com/hknutzen/Netspoc/go/pkg/pass1/print-code.go:2387.8,2393.35 3 1
github.com/hknutzen/Netspoc/go/pkg/pass1/print-code.go:2396.3,2399.32 4 1
github.com/hknutzen/Netspoc/go/pkg/pass1/print-code.go:2404.3,2404.20 1 1
github.com/hknutzen/Netspoc/go/pkg/pass1/print-code.go:2408.3,2408.38 1 1
github.com/hknutzen/Netspoc/go/pkg/pass1/print-code.go:2420.3,2422.36 3 1
github.com/hknutzen/Netspoc/go/pkg/pass1/print-code.go:2393.35,2395.4 1 1
github.com/hknutzen/Netspoc/go/pkg/pass1/print-code.go:2399.32,2400.24 1 1
github.com/hknutzen/Netspoc/go/pkg/pass1/print-code.go:2400.24,2402.5 1 1
github.com/hknutzen/Netspoc/go/pkg/pass1/print-code.go:2404.20,2406.4 1 1
github.com/hknutzen/Netspoc/go/pkg/pass1/print-code.go:2408.38,2410.29 2 1
github.com/hknutzen/Netspoc/go/pkg/pass1/print-code.go:2413.4,2417.32 5 1
github.com/hknutzen/Netspoc/go/pkg/pass1/print-code.go:2410.29,2411.13 1 1
github.com/hknutzen/Netspoc/go/pkg/pass1/print-code.go:2422.36,2423.14 1 0
github.com/hknutzen/Netspoc/go/pkg/pass1/print-code.go:2434.69,2436.37 2 1
github.com/hknutzen/Netspoc/go/pkg/pass1/print-code.go:2459.2,2462.19 3 1
github.com/hknutzen/Netspoc/go/pkg/pass1/print-code.go:2465.2,2465.16 1 1
github.com/hknutzen/Netspoc/go/pkg/pass1/print-code.go:2436.37,2437.29 1 1
github.com/hknutzen/Netspoc/go/pkg/pass1/print-code.go:2437.29,2440.4 2 1
github.com/hknutzen/Netspoc/go/pkg/pass1/print-code.go:2441.8,2444.29 3 1
github.com/hknutzen/Netspoc/go/pkg/pass1/print-code.go:2454.3,2454.12 1 1
github.com/hknutzen/Netspoc/go/pkg/pass1/print-code.go:2444.29,2447.23 3 1
github.com/hknutzen/Netspoc/go/pkg/pass1/print-code.go:2447.23,2452.5 4 1
github.com/hknutzen/Netspoc/go/pkg/pass1/print-code.go:2462.19,2464.3 1 1
github.com/hknutzen/Netspoc/go/pkg/pass1/print-code.go:2465.16,2467.3 1 1
github.com/hknutzen/Netspoc/go/pkg/pass1/print-code.go:2470.38,2477.2 6 1
github.com/hknutzen/Netspoc/go/pkg/pass1/split-semi-managed-routers.go:17.42,19.33 2 1
github.com/hknutzen/Netspoc/go/pkg/pass1/split-semi-managed-routers.go:121.2,121.54 1 1
github.com/hknutzen/Netspoc/go/pkg/pass1/split-semi-managed-routers.go:19.33,25.21 1 1
github.com/hknutzen/Netspoc/go/pkg/pass1/split-semi-managed-routers.go:30.3,30.20 1 1
github.com/hknutzen/Netspoc/go/pkg/pass1/split-semi-managed-routers.go:35.3,36.37 2 1
github.com/hknutzen/Netspoc/go/pkg/pass1/split-semi-managed-routers.go:43.3,43.16 1 1
github.com/hknutzen/Netspoc/go/pkg/pass1/split-semi-managed-routers.go:48.3,48.25 1 1
github.com/hknutzen/Netspoc/go/pkg/pass1/split-semi-managed-routers.go:55.3,55.37 1 1
github.com/hknutzen/Netspoc/go/pkg/pass1/split-semi-managed-routers.go:102.3,107.26 4 1
github.com/hknutzen/Netspoc/go/pkg/pass1/split-semi-managed-routers.go:119.3,119.23 1 1
github.com/hknutzen/Netspoc/go/pkg/pass1/split-semi-managed-routers.go:25.21,26.12 1 1
github.com/hknutzen/Netspoc/go/pkg/pass1/split-semi-managed-routers.go:30.20,31.12 1 1
github.com/hknutzen/Netspoc/go/pkg/pass1/split-semi-managed-routers.go:36.37,39.25 1 1
github.com/hknutzen/Netspoc/go/pkg/pass1/split-semi-managed-routers.go:39.25,41.5 1 1
github.com/hknutzen/Netspoc/go/pkg/pass1/split-semi-managed-routers.go:43.16,44.12 1 1
github.com/hknutzen/Netspoc/go/pkg/pass1/split-semi-managed-routers.go:48.25,50.4 1 1
github.com/hknutzen/Netspoc/go/pkg/pass1/split-semi-managed-routers.go:55.37,57.26 1 1
github.com/hknutzen/Netspoc/go/pkg/pass1/split-semi-managed-routers.go:63.4,93.32 24 1
github.com/hknutzen/Netspoc/go/pkg/pass1/split-semi-managed-routers.go:98.4,98.27 1 1
github.com/hknutzen/Netspoc/go/pkg/pass1/split-semi-managed-routers.go:57.26,58.13 1 1
github.com/hknutzen/Netspoc/go/pkg/pass1/split-semi-managed-routers.go:93.32,95.5 1 1
github.com/hknutzen/Netspoc/go/pkg/pass1/split-semi-managed-routers.go:107.26,108.36 1 1
github.com/hknutzen/Netspoc/go/pkg/pass1/split-semi-managed-routers.go:116.4,117.7 2 1
github.com/hknutzen/Netspoc/go/pkg/pass1/split-semi-managed-routers.go:108.36,110.16 2 1
github.com/hknutzen/Netspoc/go/pkg/pass1/split-semi-managed-routers.go:110.16,113.14 3 1
